2024-11-07T10:47:49.176Z info: Request: GET /api/ratings/
2024-11-07T10:47:54.224Z info: Request: GET /api/ratings/672c775feabd4713c44b119f
2024-11-07T10:47:55.526Z info: Request: GET /api/ratings?desde=0&hasta=4
2024-11-07T10:47:56.275Z info: Request: POST /api/ratings/672c775feabd4713c44b119f
2024-11-07T10:47:57.352Z info: Request: GET /api/ratings/672c775f
2024-11-07T10:47:57.354Z error: Error al obtener el rating: Cast to ObjectId failed for value "672c775f" (type string) at path "_id" for model "productos"
2024-11-07T10:49:58.542Z info: Request: GET /api/ratings/
2024-11-21T07:48:50.193Z info: Request: GET /api/ratings/
2024-11-21T07:48:55.911Z info: Request: GET /api/ratings/672c775feabd4713c44b119f
2024-11-21T07:49:00.910Z info: Request: PUT /api/ratings/672c775feabd4713c44b119f
2024-11-21T07:49:06.712Z info: Request: GET /api/ratings/672c775feabd4713c44b119f
2024-11-21T07:49:08.756Z info: Request: GET /api/ratings?desde=0&hasta=4
2024-11-21T07:51:20.938Z info: Request: GET /api/ratings/672c775feabd4713c44b119f
2024-11-21T07:51:23.181Z info: Request: GET /api/ratings/672c775feabd4713c44b119f
2024-11-21T07:51:26.104Z info: Request: GET /api/ratings/672c775feabd4713c44b119f
2024-11-21T07:51:36.601Z info: Request: PUT /api/ratings/672c775feabd4713c44b119f
2024-11-21T08:16:55.759Z info: Request: PUT /api/ratings/672c775feabd4713c44b11
2024-11-21T08:16:55.765Z error: Error al actualizar el rating: Cast to ObjectId failed for value "672c775feabd4713c44b11" (type string) at path "_id" for model "productos"
2024-11-21T08:17:12.785Z info: Request: PUT /api/ratings/672c775feabd4713c4
2024-11-21T08:17:12.786Z error: Error al actualizar el rating: Cast to ObjectId failed for value "672c775feabd4713c4" (type string) at path "_id" for model "productos"
2024-11-21T08:18:03.527Z info: Request: PUT /api/ratings/672c775feabd4713c4
2024-11-21T08:18:03.533Z error: Error al actualizar el rating: Cast to ObjectId failed for value "672c775feabd4713c4" (type string) at path "_id" for model "productos"
2024-11-21T08:51:29.226Z info: Request: GET /
2024-11-21T08:51:29.414Z info: Request: GET /
2024-11-21T08:51:31.030Z info: Request: GET /categoria/men's%20clothing
2024-11-21T08:51:34.404Z info: Request: GET /
2024-11-21T08:51:35.589Z info: Request: GET /categoria/women's%20clothing
2024-11-21T08:51:36.798Z info: Request: GET /
2024-11-21T08:51:37.392Z info: Request: GET /categoria/jewelery
2024-11-21T08:51:38.195Z info: Request: GET /
2024-11-21T08:51:38.860Z info: Request: GET /categoria/electronics
2024-11-21T08:51:41.604Z info: Request: GET /
2024-11-21T08:55:45.485Z info: Request: GET /categoria/men's%20clothing
2024-11-21T08:55:53.542Z info: Request: POST /buscar
2024-11-21T08:56:00.437Z info: Request: POST /buscar
2024-11-21T08:56:43.280Z info: Request: GET /
2024-11-21T08:56:57.449Z info: Request: GET /categoria/men's%20clothing
2024-11-21T08:57:20.309Z info: Request: GET /categoria/men's%20clothing
2024-11-21T08:58:42.301Z info: Request: GET /categoria/men's%20clothing
2024-11-21T08:59:18.163Z info: Request: GET /categoria/men's%20clothing
2024-11-21T08:59:55.960Z info: Request: GET /categoria/men's%20clothing
2024-11-21T08:59:56.887Z info: Request: GET /categoria/men's%20clothing
2024-11-21T09:00:37.507Z info: Request: GET /categoria/men's%20clothing
2024-11-21T09:00:45.119Z info: Request: GET /categoria/men's%20clothing
2024-11-21T09:01:42.161Z info: Request: GET /categoria/men's%20clothing
2024-11-21T09:02:06.868Z info: Request: GET /categoria/men's%20clothing
2024-11-21T09:02:17.570Z info: Request: GET /categoria/men's%20clothing
2024-11-21T09:02:22.836Z info: Request: GET /
2024-11-21T09:02:23.779Z info: Request: GET /categoria/women's%20clothing
2024-11-21T09:02:23.868Z info: Request: GET /favicon.ico
2024-11-21T09:02:59.644Z info: Request: GET /
2024-11-21T09:03:01.012Z info: Request: POST /buscar
2024-11-21T09:03:05.005Z info: Request: GET /categoria/men's%20clothing
2024-11-21T09:03:05.950Z info: Request: GET /categoria/electronics
2024-11-21T09:03:07.866Z info: Request: GET /categoria/jewelery
2024-11-21T09:03:12.076Z info: Request: GET /producto/672c775feabd4713c44b11a5
2024-11-21T09:03:14.216Z info: Request: GET /
2024-11-21T09:03:15.453Z info: Request: GET /categoria/men's%20clothing
2024-11-21T09:03:18.225Z info: Request: GET /
2024-11-21T09:08:16.387Z info: Request: GET /
2024-11-21T09:08:16.923Z info: Request: GET /categoria/men's%20clothing
2024-11-21T09:08:23.012Z info: Request: GET /producto/672c775feabd4713c44b119f
2024-11-21T09:09:57.377Z info: Request: GET /producto/672c775feabd4713c44b119f
2024-11-21T09:10:02.409Z info: Request: GET /
2024-11-21T09:10:03.628Z info: Request: GET /categoria/electronics
2024-11-21T09:10:12.664Z info: Request: GET /producto/672c775feabd4713c44b11a7
2024-11-21T09:10:14.509Z info: Request: GET /
2024-11-21T09:10:16.669Z info: Request: GET /categoria/electronics
2024-11-21T09:10:17.607Z info: Request: GET /producto/672c775feabd4713c44b11a8
2024-11-21T09:10:19.048Z info: Request: GET /
2024-11-21T09:16:01.017Z info: Request: GET /categoria/men's%20clothing
2024-11-21T09:16:01.053Z info: Request: GET /utils/ratings.js
2024-11-21T09:16:01.074Z info: Request: GET /utils/ratings.js
2024-11-21T09:16:01.103Z info: Request: GET /utils/ratings.js
2024-11-21T09:16:01.104Z info: Request: GET /utils/ratings.js
2024-11-21T09:16:01.106Z info: Request: GET /utils/ratings.js
2024-11-21T09:16:01.841Z info: Request: GET /producto/672c775feabd4713c44b119f
2024-11-21T09:17:43.407Z info: Request: GET /
2024-11-21T09:17:44.366Z info: Request: GET /categoria/men's%20clothing
2024-11-21T09:17:44.416Z info: Request: GET /utils/ratings.js
2024-11-21T09:17:44.430Z info: Request: GET /utils/ratings.js
2024-11-21T09:19:05.391Z info: Request: GET /producto/672c775feabd4713c44b119f
2024-11-21T09:19:51.359Z info: Request: GET /
2024-11-21T09:19:51.936Z info: Request: GET /categoria/men's%20clothing
2024-11-21T09:19:51.974Z info: Request: GET /utils/ratings.js
2024-11-21T09:19:51.988Z info: Request: GET /utils/ratings.js
2024-11-21T09:20:43.356Z info: Request: GET /
2024-11-21T09:20:43.945Z info: Request: GET /categoria/men's%20clothing
2024-11-21T09:20:43.980Z info: Request: GET /utils/ratings.js
2024-11-21T09:20:43.990Z info: Request: GET /utils/ratings.js
2024-11-21T09:23:14.952Z info: Request: GET /categoria/men's%20clothing
2024-11-21T09:23:14.978Z info: Request: GET /utils/ratings.js
2024-11-21T09:23:14.989Z info: Request: GET /utils/ratings.js
2024-11-21T09:23:14.993Z info: Request: GET /favicon.ico
2024-11-21T09:23:43.504Z info: Request: GET /
2024-11-21T09:23:47.247Z info: Request: GET /categoria/men's%20clothing
2024-11-21T09:23:47.292Z info: Request: GET /utils/ratings.js
2024-11-21T09:23:47.305Z info: Request: GET /utils/ratings.js
2024-11-21T09:29:53.151Z info: Request: GET /api/ratings/672c775feabd4713c44b119f
2024-11-21T09:31:17.471Z info: Request: GET /
2024-11-21T09:31:18.172Z info: Request: GET /categoria/men's%20clothing
2024-11-21T09:31:18.213Z info: Request: GET /utils/ratings.js
2024-11-21T09:31:18.225Z info: Request: GET /utils/ratings.js
2024-11-21T09:33:51.601Z info: Request: GET /
2024-11-21T09:33:52.361Z info: Request: GET /categoria/men's%20clothing
2024-11-21T09:33:52.414Z info: Request: GET /public/ratings.js
2024-11-21T09:33:52.440Z info: Request: GET /public/ratings.js
2024-11-21T09:34:14.004Z info: Request: GET /categoria/men's%20clothing
2024-11-21T09:34:14.029Z info: Request: GET /utils/ratings.js
2024-11-21T09:34:14.039Z info: Request: GET /utils/ratings.js
2024-11-21T09:34:49.628Z info: Request: GET /categoria/men's%20clothing
2024-11-21T09:34:49.658Z info: Request: GET /utils/ratings.js
2024-11-21T09:34:49.670Z info: Request: GET /utils/ratings.js
2024-11-21T09:36:51.898Z info: Request: GET /categoria/men's%20clothing
2024-11-21T09:36:51.937Z info: Request: GET /utils/ratings.js
2024-11-21T09:36:51.954Z info: Request: GET /utils/ratings.js
2024-11-21T09:38:04.645Z info: Request: GET /categoria/men's%20clothing
2024-11-21T09:38:04.668Z info: Request: GET /utils/ratings.js
2024-11-21T09:38:04.679Z info: Request: GET /utils/ratings.js
2024-11-21T09:39:15.330Z info: Request: GET /categoria/men's%20clothing
2024-11-21T09:39:15.352Z info: Request: GET /utils/ratings.js
2024-11-21T09:39:15.365Z info: Request: GET /utils/ratings.js
2024-11-21T09:39:15.831Z info: Request: GET /categoria/men's%20clothing
2024-11-21T09:39:15.858Z info: Request: GET /utils/ratings.js
2024-11-21T09:40:49.961Z info: Request: GET /categoria/men's%20clothing
2024-11-21T09:40:49.989Z info: Request: GET /utils/ratings.js
2024-11-21T09:40:50.024Z info: Request: GET /utils/ratings.js
2024-11-21T09:41:14.104Z info: Request: GET /categoria/men's%20clothing
2024-11-21T09:41:14.132Z info: Request: GET /utils/ratings.js
2024-11-21T09:41:14.143Z info: Request: GET /utils/ratings.js
2024-11-21T09:44:56.769Z info: Request: GET /categoria/men's%20clothing
2024-11-21T09:44:56.795Z info: Request: GET /utils/ratings.js
2024-11-21T09:44:56.804Z info: Request: GET /utils/ratings.js
2024-11-21T09:45:27.258Z info: Request: GET /categoria/men's%20clothing
2024-11-21T09:45:27.287Z info: Request: GET /utils/ratings.js
2024-11-21T09:45:27.299Z info: Request: GET /utils/ratings.js
2024-11-21T09:46:39.272Z info: Request: GET /categoria/men's%20clothing
2024-11-21T09:46:39.298Z info: Request: GET /utils/ratings.js
2024-11-21T09:46:39.311Z info: Request: GET /utils/ratings.js
2024-11-21T09:47:07.873Z info: Request: GET /categoria/men's%20clothing
2024-11-21T09:47:07.895Z info: Request: GET /utils/ratings.js
2024-11-21T09:47:07.908Z info: Request: GET /utils/ratings.js
2024-11-21T09:49:10.280Z info: Request: GET /categoria/men's%20clothing
2024-11-21T09:49:10.306Z info: Request: GET /utils/ratings.js
2024-11-21T09:49:10.318Z info: Request: GET /utils/ratings.js
2024-11-21T09:49:11.136Z info: Request: GET /producto/672c775feabd4713c44b119f
2024-11-21T09:51:11.554Z info: Request: GET /categoria/men's%20clothing
2024-11-21T09:51:11.618Z info: Request: GET /api/ratings/672c775feabd4713c44b119f
2024-11-21T09:51:11.621Z info: Request: GET /api/ratings/672c775feabd4713c44b11a0
2024-11-21T09:51:11.623Z info: Request: GET /api/ratings/672c775feabd4713c44b11a1
2024-11-21T09:51:11.633Z info: Request: GET /api/ratings/672c775feabd4713c44b11a2
2024-11-21T09:55:00.173Z info: Request: GET /
2024-11-21T09:55:00.746Z info: Request: GET /categoria/men's%20clothing
2024-11-21T09:55:00.786Z info: Request: GET /categoria/ratings.js
2024-11-21T09:55:14.474Z info: Request: GET /categoria/men's%20clothing
2024-11-21T09:55:14.497Z info: Request: GET /public/ratings.js
2024-11-21T09:55:14.508Z info: Request: GET /public/ratings.js
2024-11-21T09:55:20.925Z info: Request: GET /categoria/men's%20clothing
2024-11-21T09:55:20.966Z info: Request: GET /api/ratings/672c775feabd4713c44b119f
2024-11-21T09:55:20.968Z info: Request: GET /api/ratings/672c775feabd4713c44b11a0
2024-11-21T09:55:20.970Z info: Request: GET /api/ratings/672c775feabd4713c44b11a1
2024-11-21T09:55:20.977Z info: Request: GET /api/ratings/672c775feabd4713c44b11a2
2024-11-21T10:00:26.867Z info: Request: GET /
2024-11-21T10:00:27.580Z info: Request: GET /categoria/men's%20clothing
2024-11-21T10:00:27.641Z info: Request: GET /api/ratings/672c775feabd4713c44b119f
2024-11-21T10:00:27.651Z info: Request: GET /api/ratings/672c775feabd4713c44b11a0
2024-11-21T10:00:27.653Z info: Request: GET /api/ratings/672c775feabd4713c44b11a1
2024-11-21T10:00:27.656Z info: Request: GET /api/ratings/672c775feabd4713c44b11a2
2024-11-21T10:00:37.906Z info: Request: GET /producto/672c775feabd4713c44b119f
2024-11-21T10:00:41.327Z info: Request: GET /
2024-11-21T10:00:42.004Z info: Request: GET /categoria/women's%20clothing
2024-11-21T10:00:42.094Z info: Request: GET /api/ratings/672c775feabd4713c44b11ad
2024-11-21T10:00:42.096Z info: Request: GET /api/ratings/672c775feabd4713c44b11ae
2024-11-21T10:00:42.100Z info: Request: GET /api/ratings/672c775feabd4713c44b11af
2024-11-21T10:00:42.101Z info: Request: GET /api/ratings/672c775feabd4713c44b11b0
2024-11-21T10:00:42.102Z info: Request: GET /api/ratings/672c775feabd4713c44b11b1
2024-11-21T10:00:42.103Z info: Request: GET /api/ratings/672c775feabd4713c44b11b2
2024-11-21T10:02:30.588Z info: Request: GET /categoria/women's%20clothing
2024-11-21T10:02:30.645Z info: Request: GET /api/ratings/672c775feabd4713c44b11ad
2024-11-21T10:02:30.647Z info: Request: GET /api/ratings/672c775feabd4713c44b11ae
2024-11-21T10:02:30.648Z info: Request: GET /api/ratings/672c775feabd4713c44b11af
2024-11-21T10:02:30.650Z info: Request: GET /api/ratings/672c775feabd4713c44b11b0
2024-11-21T10:02:30.654Z info: Request: GET /api/ratings/672c775feabd4713c44b11b2
2024-11-21T10:02:30.656Z info: Request: GET /api/ratings/672c775feabd4713c44b11b1
2024-11-21T10:02:31.285Z info: Request: GET /categoria/women's%20clothing
2024-11-21T10:02:31.325Z info: Request: GET /api/ratings/672c775feabd4713c44b11ad
2024-11-21T10:02:31.329Z info: Request: GET /api/ratings/672c775feabd4713c44b11ae
2024-11-21T10:02:31.331Z info: Request: GET /api/ratings/672c775feabd4713c44b11af
2024-11-21T10:02:31.332Z info: Request: GET /api/ratings/672c775feabd4713c44b11b0
2024-11-21T10:02:31.335Z info: Request: GET /api/ratings/672c775feabd4713c44b11b1
2024-11-21T10:02:31.343Z info: Request: GET /api/ratings/672c775feabd4713c44b11b2
2024-11-21T10:02:45.574Z info: Request: GET /
2024-11-21T10:03:36.174Z info: Request: GET /
2024-11-21T10:03:36.970Z info: Request: GET /categoria/men's%20clothing
2024-11-21T10:03:37.041Z info: Request: GET /api/ratings/672c775feabd4713c44b119f
2024-11-21T10:03:37.043Z info: Request: GET /api/ratings/672c775feabd4713c44b11a0
2024-11-21T10:03:37.046Z info: Request: GET /api/ratings/672c775feabd4713c44b11a1
2024-11-21T10:03:37.049Z info: Request: GET /api/ratings/672c775feabd4713c44b11a2
2024-11-21T10:03:43.293Z info: Request: GET /
2024-11-21T10:03:44.148Z info: Request: GET /categoria/women's%20clothing
2024-11-21T10:03:44.219Z info: Request: GET /api/ratings/672c775feabd4713c44b11ad
2024-11-21T10:03:44.224Z info: Request: GET /api/ratings/672c775feabd4713c44b11ae
2024-11-21T10:03:44.225Z info: Request: GET /api/ratings/672c775feabd4713c44b11af
2024-11-21T10:03:44.230Z info: Request: GET /api/ratings/672c775feabd4713c44b11b0
2024-11-21T10:03:44.233Z info: Request: GET /api/ratings/672c775feabd4713c44b11b1
2024-11-21T10:03:44.234Z info: Request: GET /api/ratings/672c775feabd4713c44b11b2
2024-11-21T10:03:57.856Z info: Request: GET /categoria/women's%20clothing
2024-11-21T10:03:57.898Z info: Request: GET /api/ratings/672c775feabd4713c44b11ad
2024-11-21T10:03:57.901Z info: Request: GET /api/ratings/672c775feabd4713c44b11ae
2024-11-21T10:03:57.905Z info: Request: GET /api/ratings/672c775feabd4713c44b11af
2024-11-21T10:03:57.907Z info: Request: GET /api/ratings/672c775feabd4713c44b11b0
2024-11-21T10:03:57.912Z info: Request: GET /api/ratings/672c775feabd4713c44b11b1
2024-11-21T10:03:57.915Z info: Request: GET /api/ratings/672c775feabd4713c44b11b2
2024-11-21T10:04:10.870Z info: Request: GET /categoria/women's%20clothing
2024-11-21T10:04:10.912Z info: Request: GET /api/ratings/672c775feabd4713c44b11ad
2024-11-21T10:04:10.914Z info: Request: GET /api/ratings/672c775feabd4713c44b11ae
2024-11-21T10:04:10.916Z info: Request: GET /api/ratings/672c775feabd4713c44b11af
2024-11-21T10:04:10.921Z info: Request: GET /api/ratings/672c775feabd4713c44b11b0
2024-11-21T10:04:10.923Z info: Request: GET /api/ratings/672c775feabd4713c44b11b1
2024-11-21T10:04:10.928Z info: Request: GET /api/ratings/672c775feabd4713c44b11b2
2024-11-21T10:04:21.505Z info: Request: GET /categoria/women's%20clothing
2024-11-21T10:04:21.542Z info: Request: GET /api/ratings/672c775feabd4713c44b11ad
2024-11-21T10:04:21.546Z info: Request: GET /api/ratings/672c775feabd4713c44b11ae
2024-11-21T10:04:21.547Z info: Request: GET /api/ratings/672c775feabd4713c44b11af
2024-11-21T10:04:21.550Z info: Request: GET /api/ratings/672c775feabd4713c44b11b0
2024-11-21T10:04:21.556Z info: Request: GET /api/ratings/672c775feabd4713c44b11b2
2024-11-21T10:04:21.557Z info: Request: GET /api/ratings/672c775feabd4713c44b11b1
2024-11-21T10:04:40.289Z info: Request: GET /producto/672c775feabd4713c44b11b1
2024-11-21T10:06:18.772Z info: Request: GET /categoria/women's%20clothing
2024-11-21T10:06:18.817Z info: Request: GET /api/ratings/672c775feabd4713c44b11ad
2024-11-21T10:06:18.819Z info: Request: GET /api/ratings/672c775feabd4713c44b11ae
2024-11-21T10:06:18.822Z info: Request: GET /api/ratings/672c775feabd4713c44b11af
2024-11-21T10:06:18.825Z info: Request: GET /api/ratings/672c775feabd4713c44b11b0
2024-11-21T10:06:18.829Z info: Request: GET /api/ratings/672c775feabd4713c44b11b1
2024-11-21T10:06:18.832Z info: Request: GET /api/ratings/672c775feabd4713c44b11b2
2024-11-21T10:06:35.230Z info: Request: GET /
2024-11-21T10:06:36.160Z info: Request: GET /categoria/electronics
2024-11-21T10:06:36.250Z info: Request: GET /api/ratings/672c775feabd4713c44b11a7
2024-11-21T10:06:36.251Z info: Request: GET /api/ratings/672c775feabd4713c44b11a8
2024-11-21T10:06:36.255Z info: Request: GET /api/ratings/672c775feabd4713c44b11a9
2024-11-21T10:06:36.257Z info: Request: GET /api/ratings/672c775feabd4713c44b11aa
2024-11-21T10:06:36.259Z info: Request: GET /api/ratings/672c775feabd4713c44b11ac
2024-11-21T10:06:36.260Z info: Request: GET /api/ratings/672c775feabd4713c44b11ab
2024-11-21T10:08:10.052Z info: Request: GET /categoria/electronics
2024-11-21T10:08:10.094Z info: Request: GET /api/ratings/672c775feabd4713c44b11a7
2024-11-21T10:08:10.095Z info: Request: GET /api/ratings/672c775feabd4713c44b11a8
2024-11-21T10:08:10.098Z info: Request: GET /api/ratings/672c775feabd4713c44b11a9
2024-11-21T10:08:10.104Z info: Request: GET /api/ratings/672c775feabd4713c44b11aa
2024-11-21T10:08:10.115Z info: Request: GET /api/ratings/672c775feabd4713c44b11ab
2024-11-21T10:08:10.117Z info: Request: GET /api/ratings/672c775feabd4713c44b11ac
2024-11-21T10:08:13.113Z info: Request: GET /
2024-11-21T10:08:15.226Z info: Request: POST /buscar
2024-11-21T10:08:15.275Z info: Request: GET /api/ratings/672c775feabd4713c44b11a7
2024-11-21T10:08:15.277Z info: Request: GET /api/ratings/672c775feabd4713c44b11aa
2024-11-21T10:08:18.360Z info: Request: GET /
2024-11-21T10:09:16.713Z info: Request: GET /
2024-11-21T10:09:17.562Z info: Request: GET /categoria/men's%20clothing
2024-11-21T10:09:17.626Z info: Request: GET /api/ratings/672c775feabd4713c44b119f
2024-11-21T10:09:17.629Z info: Request: GET /api/ratings/672c775feabd4713c44b11a0
2024-11-21T10:09:17.630Z info: Request: GET /api/ratings/672c775feabd4713c44b11a1
2024-11-21T10:09:17.635Z info: Request: GET /api/ratings/672c775feabd4713c44b11a2
2024-11-21T10:09:18.213Z info: Request: GET /producto/672c775feabd4713c44b119f
2024-11-21T10:09:18.257Z info: Request: GET /api/ratings/672c775feabd4713c44b119f
2024-11-21T10:09:57.708Z info: Request: POST /agregar-al-carrito
2024-11-21T10:09:57.716Z info: Request: GET /carrito
2024-11-21T10:09:59.253Z info: Request: POST /eliminar-del-carrito
2024-11-21T10:09:59.257Z info: Request: GET /
2024-11-21T10:10:00.502Z info: Request: GET /categoria/women's%20clothing
2024-11-21T10:10:00.597Z info: Request: GET /api/ratings/672c775feabd4713c44b11ad
2024-11-21T10:10:00.602Z info: Request: GET /api/ratings/672c775feabd4713c44b11ae
2024-11-21T10:10:00.605Z info: Request: GET /api/ratings/672c775feabd4713c44b11af
2024-11-21T10:10:00.608Z info: Request: GET /api/ratings/672c775feabd4713c44b11b0
2024-11-21T10:10:00.612Z info: Request: GET /api/ratings/672c775feabd4713c44b11b1
2024-11-21T10:10:00.615Z info: Request: GET /api/ratings/672c775feabd4713c44b11b2
2024-11-21T10:10:01.913Z info: Request: GET /producto/672c775feabd4713c44b11ae
2024-11-21T10:10:01.970Z info: Request: GET /api/ratings/672c775feabd4713c44b11ae
2024-11-21T10:11:08.173Z info: Request: GET /
2024-11-21T10:11:08.820Z info: Request: GET /categoria/men's%20clothing
2024-11-21T10:11:08.877Z info: Request: GET /api/ratings/672c775feabd4713c44b119f
2024-11-21T10:11:08.880Z info: Request: GET /api/ratings/672c775feabd4713c44b11a0
2024-11-21T10:11:08.882Z info: Request: GET /api/ratings/672c775feabd4713c44b11a1
2024-11-21T10:11:08.885Z info: Request: GET /api/ratings/672c775feabd4713c44b11a2
2024-11-21T10:11:10.649Z info: Request: GET /producto/672c775feabd4713c44b11a0
2024-11-21T10:11:10.700Z info: Request: GET /api/ratings/672c775feabd4713c44b11a0
2024-11-21T10:11:13.567Z info: Request: GET /producto/672c775feabd4713c44b11a1
2024-11-21T10:11:13.623Z info: Request: GET /api/ratings/672c775feabd4713c44b11a1
2024-11-21T10:11:26.413Z info: Request: GET /producto/672c775feabd4713c44b11a1
2024-11-21T10:11:26.447Z info: Request: GET /api/ratings/672c775feabd4713c44b11a1
2024-11-21T10:11:26.959Z info: Request: GET /producto/672c775feabd4713c44b11a1
2024-11-21T10:11:27.003Z info: Request: GET /api/ratings/672c775feabd4713c44b11a1
2024-11-21T10:11:34.177Z info: Request: GET /producto/672c775feabd4713c44b11a1
2024-11-21T10:11:34.214Z info: Request: GET /api/ratings/672c775feabd4713c44b11a1
2024-11-21T10:11:34.227Z info: Request: GET /favicon.ico
2024-11-21T10:11:35.590Z info: Request: GET /
2024-11-21T10:11:36.265Z info: Request: GET /categoria/men's%20clothing
2024-11-21T10:11:36.320Z info: Request: GET /api/ratings/672c775feabd4713c44b119f
2024-11-21T10:11:36.322Z info: Request: GET /api/ratings/672c775feabd4713c44b11a0
2024-11-21T10:11:36.323Z info: Request: GET /api/ratings/672c775feabd4713c44b11a1
2024-11-21T10:11:36.328Z info: Request: GET /api/ratings/672c775feabd4713c44b11a2
2024-11-21T10:11:42.051Z info: Request: GET /categoria/men's%20clothing
2024-11-21T10:11:42.086Z info: Request: GET /api/ratings/672c775feabd4713c44b119f
2024-11-21T10:11:42.087Z info: Request: GET /api/ratings/672c775feabd4713c44b11a0
2024-11-21T10:11:42.091Z info: Request: GET /api/ratings/672c775feabd4713c44b11a1
2024-11-21T10:11:42.093Z info: Request: GET /api/ratings/672c775feabd4713c44b11a2
2024-11-21T10:11:43.655Z info: Request: GET /producto/672c775feabd4713c44b119f
2024-11-21T10:11:43.711Z info: Request: GET /api/ratings/672c775feabd4713c44b119f
2024-11-21T10:11:44.455Z info: Request: POST /agregar-al-carrito
2024-11-21T10:11:44.461Z info: Request: GET /carrito
2024-11-21T10:12:19.764Z info: Request: GET /categoria/men's%20clothing
2024-11-21T10:12:19.806Z info: Request: GET /api/ratings/672c775feabd4713c44b119f
2024-11-21T10:12:19.809Z info: Request: GET /api/ratings/672c775feabd4713c44b11a0
2024-11-21T10:12:19.812Z info: Request: GET /api/ratings/672c775feabd4713c44b11a1
2024-11-21T10:12:19.814Z info: Request: GET /api/ratings/672c775feabd4713c44b11a2
2024-11-21T10:12:20.224Z info: Request: GET /categoria/men's%20clothing
2024-11-21T10:12:20.258Z info: Request: GET /api/ratings/672c775feabd4713c44b119f
2024-11-21T10:12:20.260Z info: Request: GET /api/ratings/672c775feabd4713c44b11a0
2024-11-21T10:12:20.263Z info: Request: GET /api/ratings/672c775feabd4713c44b11a1
2024-11-21T10:12:20.264Z info: Request: GET /api/ratings/672c775feabd4713c44b11a2
2024-11-21T10:12:20.817Z info: Request: GET /producto/672c775feabd4713c44b119f
2024-11-21T10:12:20.865Z info: Request: GET /api/ratings/672c775feabd4713c44b119f
2024-11-21T10:12:21.553Z info: Request: POST /agregar-al-carrito
2024-11-21T10:12:21.559Z info: Request: GET /carrito
2024-11-21T10:12:22.733Z info: Request: POST /eliminar-del-carrito
2024-11-21T10:12:22.739Z info: Request: GET /
2024-11-21T10:12:24.813Z info: Request: GET /categoria/men's%20clothing
2024-11-21T10:12:24.889Z info: Request: GET /api/ratings/672c775feabd4713c44b119f
2024-11-21T10:12:24.890Z info: Request: GET /api/ratings/672c775feabd4713c44b11a0
2024-11-21T10:12:24.896Z info: Request: GET /api/ratings/672c775feabd4713c44b11a1
2024-11-21T10:12:24.897Z info: Request: GET /api/ratings/672c775feabd4713c44b11a2
2024-11-21T10:12:25.381Z info: Request: GET /producto/672c775feabd4713c44b119f
2024-11-21T10:12:25.432Z info: Request: GET /api/ratings/672c775feabd4713c44b119f
2024-11-21T10:12:26.060Z info: Request: POST /agregar-al-carrito
2024-11-21T10:12:26.065Z info: Request: GET /carrito
2024-11-21T10:12:26.992Z info: Request: POST /eliminar-del-carrito
2024-11-21T10:12:27.000Z info: Request: GET /
2024-11-21T10:12:27.509Z info: Request: GET /categoria/men's%20clothing
2024-11-21T10:12:27.568Z info: Request: GET /api/ratings/672c775feabd4713c44b119f
2024-11-21T10:12:27.570Z info: Request: GET /api/ratings/672c775feabd4713c44b11a0
2024-11-21T10:12:27.574Z info: Request: GET /api/ratings/672c775feabd4713c44b11a1
2024-11-21T10:12:27.575Z info: Request: GET /api/ratings/672c775feabd4713c44b11a2
2024-11-21T10:12:28.054Z info: Request: GET /producto/672c775feabd4713c44b119f
2024-11-21T10:12:28.092Z info: Request: GET /api/ratings/672c775feabd4713c44b119f
2024-11-21T10:12:28.828Z info: Request: POST /agregar-al-carrito
2024-11-21T10:12:28.834Z info: Request: GET /carrito
2024-11-21T10:12:29.656Z info: Request: POST /eliminar-del-carrito
2024-11-21T10:12:29.659Z info: Request: GET /
2024-11-21T10:12:30.597Z info: Request: GET /categoria/electronics
2024-11-21T10:12:30.694Z info: Request: GET /api/ratings/672c775feabd4713c44b11a7
2024-11-21T10:12:30.695Z info: Request: GET /api/ratings/672c775feabd4713c44b11a8
2024-11-21T10:12:30.699Z info: Request: GET /api/ratings/672c775feabd4713c44b11a9
2024-11-21T10:12:30.700Z info: Request: GET /api/ratings/672c775feabd4713c44b11aa
2024-11-21T10:12:30.703Z info: Request: GET /api/ratings/672c775feabd4713c44b11ab
2024-11-21T10:12:30.706Z info: Request: GET /api/ratings/672c775feabd4713c44b11ac
2024-11-21T10:12:31.192Z info: Request: GET /producto/672c775feabd4713c44b11a7
2024-11-21T10:12:31.243Z info: Request: GET /api/ratings/672c775feabd4713c44b11a7
2024-11-21T10:12:31.747Z info: Request: POST /agregar-al-carrito
2024-11-21T10:12:31.753Z info: Request: GET /carrito
2024-11-21T10:12:32.596Z info: Request: POST /eliminar-del-carrito
2024-11-21T10:12:32.602Z info: Request: GET /
2024-11-21T10:12:33.199Z info: Request: GET /
2024-11-21T10:17:50.282Z info: Request: GET /
2024-11-21T10:17:50.787Z info: Request: GET /categoria/men's%20clothing
2024-11-21T10:17:50.865Z info: Request: GET /api/ratings/672c775feabd4713c44b119f
2024-11-21T10:17:50.867Z info: Request: GET /api/ratings/672c775feabd4713c44b11a0
2024-11-21T10:17:50.870Z info: Request: GET /api/ratings/672c775feabd4713c44b11a1
2024-11-21T10:17:50.873Z info: Request: GET /api/ratings/672c775feabd4713c44b11a2
2024-11-21T10:23:15.938Z info: Request: GET /categoria/men's%20clothing
2024-11-21T10:23:15.973Z info: Request: GET /api/ratings/672c775feabd4713c44b119f
2024-11-21T10:23:15.976Z info: Request: GET /api/ratings/672c775feabd4713c44b11a0
2024-11-21T10:23:15.981Z info: Request: GET /api/ratings/672c775feabd4713c44b11a1
2024-11-21T10:23:15.982Z info: Request: GET /api/ratings/672c775feabd4713c44b11a2
2024-11-21T10:23:38.694Z info: Request: GET /producto/672c775feabd4713c44b119f
2024-11-21T10:23:38.743Z info: Request: GET /api/ratings/672c775feabd4713c44b119f
2024-11-21T10:23:43.285Z info: Request: GET /
2024-11-21T10:23:45.305Z info: Request: POST /buscar
2024-11-21T10:23:45.358Z info: Request: GET /api/ratings/672c775feabd4713c44b11a7
2024-11-21T10:23:45.365Z info: Request: GET /api/ratings/672c775feabd4713c44b11aa
2024-11-21T10:23:48.335Z info: Request: GET /producto/672c775feabd4713c44b11a7
2024-11-21T10:23:48.378Z info: Request: GET /api/ratings/672c775feabd4713c44b11a7
2024-11-21T10:24:28.052Z info: Request: GET /producto/672c775feabd4713c44b11a7
2024-11-21T10:24:28.089Z info: Request: GET /api/ratings/672c775feabd4713c44b11a7
2024-11-21T10:24:31.056Z info: Request: GET /
2024-11-21T10:24:31.886Z info: Request: GET /categoria/men's%20clothing
2024-11-21T10:24:31.961Z info: Request: GET /api/ratings/672c775feabd4713c44b119f
2024-11-21T10:24:31.963Z info: Request: GET /api/ratings/672c775feabd4713c44b11a0
2024-11-21T10:24:31.964Z info: Request: GET /api/ratings/672c775feabd4713c44b11a1
2024-11-21T10:24:31.968Z info: Request: GET /api/ratings/672c775feabd4713c44b11a2
2024-11-21T10:24:50.656Z info: Request: GET /categoria/men's%20clothing
2024-11-21T10:24:50.689Z info: Request: GET /api/ratings/672c775feabd4713c44b119f
2024-11-21T10:24:50.691Z info: Request: GET /api/ratings/672c775feabd4713c44b11a0
2024-11-21T10:24:50.696Z info: Request: GET /api/ratings/672c775feabd4713c44b11a1
2024-11-21T10:24:50.698Z info: Request: GET /api/ratings/672c775feabd4713c44b11a2
2024-11-21T10:24:55.806Z info: Request: GET /producto/672c775feabd4713c44b119f
2024-11-21T10:24:55.851Z info: Request: GET /api/ratings/672c775feabd4713c44b119f
2024-11-21T10:25:55.599Z info: Request: GET /
2024-11-21T10:25:56.744Z info: Request: GET /categoria/men's%20clothing
2024-11-21T10:25:56.812Z info: Request: GET /api/ratings/672c775feabd4713c44b119f
2024-11-21T10:25:56.815Z info: Request: GET /api/ratings/672c775feabd4713c44b11a0
2024-11-21T10:25:56.817Z info: Request: GET /api/ratings/672c775feabd4713c44b11a1
2024-11-21T10:25:56.819Z info: Request: GET /api/ratings/672c775feabd4713c44b11a2
2024-11-21T10:26:10.104Z info: Request: GET /
2024-11-21T10:26:10.781Z info: Request: GET /categoria/men's%20clothing
2024-11-21T10:26:10.842Z info: Request: GET /api/ratings/672c775feabd4713c44b119f
2024-11-21T10:26:10.843Z info: Request: GET /api/ratings/672c775feabd4713c44b11a0
2024-11-21T10:26:10.844Z info: Request: GET /api/ratings/672c775feabd4713c44b11a1
2024-11-21T10:26:10.849Z info: Request: GET /api/ratings/672c775feabd4713c44b11a2
2024-11-21T10:26:12.468Z info: Request: GET /producto/672c775feabd4713c44b119f
2024-11-21T10:26:12.524Z info: Request: GET /api/ratings/672c775feabd4713c44b119f
2024-11-21T10:29:48.655Z info: Request: GET /
2024-11-21T10:29:49.654Z info: Request: GET /categoria/men's%20clothing
2024-11-21T10:29:49.732Z info: Request: GET /api/ratings/672c775feabd4713c44b119f
2024-11-21T10:29:49.733Z info: Request: GET /api/ratings/672c775feabd4713c44b11a0
2024-11-21T10:29:49.737Z info: Request: GET /api/ratings/672c775feabd4713c44b11a1
2024-11-21T10:29:49.739Z info: Request: GET /api/ratings/672c775feabd4713c44b11a2
2024-11-21T10:29:51.004Z info: Request: GET /producto/672c775feabd4713c44b119f
2024-11-21T10:29:51.059Z info: Request: GET /api/ratings/672c775feabd4713c44b119f
2024-11-21T10:31:40.697Z info: Request: GET /
2024-11-21T10:31:41.557Z info: Request: GET /categoria/men's%20clothing
2024-11-21T10:31:41.621Z info: Request: GET /api/ratings/672c775feabd4713c44b119f
2024-11-21T10:31:41.626Z info: Request: GET /api/ratings/672c775feabd4713c44b11a0
2024-11-21T10:31:41.627Z info: Request: GET /api/ratings/672c775feabd4713c44b11a2
2024-11-21T10:31:41.629Z info: Request: GET /api/ratings/672c775feabd4713c44b11a1
2024-11-21T10:31:43.570Z info: Request: GET /producto/672c775feabd4713c44b119f
2024-11-21T10:31:43.627Z info: Request: GET /api/ratings/672c775feabd4713c44b119f
2024-11-21T10:32:04.385Z info: Request: GET /
2024-11-21T10:32:04.998Z info: Request: GET /categoria/men's%20clothing
2024-11-21T10:32:05.044Z info: Request: GET /api/ratings/672c775feabd4713c44b119f
2024-11-21T10:32:05.053Z info: Request: GET /api/ratings/672c775feabd4713c44b11a0
2024-11-21T10:32:05.056Z info: Request: GET /api/ratings/672c775feabd4713c44b11a1
2024-11-21T10:32:05.060Z info: Request: GET /api/ratings/672c775feabd4713c44b11a2
2024-11-21T10:32:13.065Z info: Request: GET /categoria/men's%20clothing
2024-11-21T10:32:13.101Z info: Request: GET /api/ratings/672c775feabd4713c44b119f
2024-11-21T10:32:13.104Z info: Request: GET /api/ratings/672c775feabd4713c44b11a0
2024-11-21T10:32:13.107Z info: Request: GET /api/ratings/672c775feabd4713c44b11a1
2024-11-21T10:32:13.109Z info: Request: GET /api/ratings/672c775feabd4713c44b11a2
2024-11-21T10:32:35.386Z info: Request: GET /
2024-11-21T10:32:36.014Z info: Request: GET /categoria/men's%20clothing
2024-11-21T10:32:36.063Z info: Request: GET /api/ratings/672c775feabd4713c44b119f
2024-11-21T10:32:36.064Z info: Request: GET /api/ratings/672c775feabd4713c44b11a0
2024-11-21T10:32:36.068Z info: Request: GET /api/ratings/672c775feabd4713c44b11a1
2024-11-21T10:32:36.070Z info: Request: GET /api/ratings/672c775feabd4713c44b11a2
2024-11-21T10:32:37.856Z info: Request: GET /producto/672c775feabd4713c44b119f
2024-11-21T10:32:37.918Z info: Request: GET /api/ratings/672c775feabd4713c44b119f
2024-11-21T10:32:42.294Z info: Request: GET /
2024-11-21T10:32:43.860Z info: Request: GET /categoria/men's%20clothing
2024-11-21T10:32:43.914Z info: Request: GET /api/ratings/672c775feabd4713c44b119f
2024-11-21T10:32:43.918Z info: Request: GET /api/ratings/672c775feabd4713c44b11a0
2024-11-21T10:32:43.926Z info: Request: GET /api/ratings/672c775feabd4713c44b11a1
2024-11-21T10:32:43.928Z info: Request: GET /api/ratings/672c775feabd4713c44b11a2
2024-11-21T10:32:57.137Z info: Request: POST /buscar
2024-11-21T10:32:57.205Z info: Request: GET /api/ratings/672c775feabd4713c44b11a7
2024-11-21T10:32:57.207Z info: Request: GET /api/ratings/672c775feabd4713c44b11aa
2024-11-21T10:32:59.096Z info: Request: GET /producto/672c775feabd4713c44b11a7
2024-11-21T10:32:59.165Z info: Request: GET /api/ratings/672c775feabd4713c44b11a7
2024-11-21T10:36:07.711Z info: Request: GET /
2024-11-21T10:36:08.607Z info: Request: GET /categoria/men's%20clothing
2024-11-21T10:36:08.659Z info: Request: GET /api/ratings/672c775feabd4713c44b119f
2024-11-21T10:36:08.663Z info: Request: GET /api/ratings/672c775feabd4713c44b11a0
2024-11-21T10:36:08.665Z info: Request: GET /api/ratings/672c775feabd4713c44b11a1
2024-11-21T10:36:08.668Z info: Request: GET /api/ratings/672c775feabd4713c44b11a2
2024-11-21T10:36:14.911Z info: Request: GET /
2024-11-21T10:36:15.719Z info: Request: GET /categoria/women's%20clothing
2024-11-21T10:36:15.796Z info: Request: GET /api/ratings/672c775feabd4713c44b11ad
2024-11-21T10:36:15.797Z info: Request: GET /api/ratings/672c775feabd4713c44b11ae
2024-11-21T10:36:15.801Z info: Request: GET /api/ratings/672c775feabd4713c44b11af
2024-11-21T10:36:15.804Z info: Request: GET /api/ratings/672c775feabd4713c44b11b0
2024-11-21T10:36:15.806Z info: Request: GET /api/ratings/672c775feabd4713c44b11b2
2024-11-21T10:36:15.807Z info: Request: GET /api/ratings/672c775feabd4713c44b11b1
2024-11-21T10:37:34.680Z info: Request: GET /categoria/men's%20clothing
2024-11-21T10:37:34.722Z info: Request: GET /api/ratings/672c775feabd4713c44b119f
2024-11-21T10:37:34.724Z info: Request: GET /api/ratings/672c775feabd4713c44b11a0
2024-11-21T10:37:34.727Z info: Request: GET /api/ratings/672c775feabd4713c44b11a1
2024-11-21T10:37:34.728Z info: Request: GET /api/ratings/672c775feabd4713c44b11a2
2024-11-21T10:37:36.803Z info: Request: GET /producto/672c775feabd4713c44b11a0
2024-11-21T10:37:36.847Z info: Request: GET /api/ratings/672c775feabd4713c44b11a0
2024-11-21T10:37:38.295Z info: Request: GET /
2024-11-21T10:37:43.854Z info: Request: GET /
2024-11-21T10:37:44.400Z info: Request: GET /categoria/men's%20clothing
2024-11-21T10:37:44.449Z info: Request: GET /api/ratings/672c775feabd4713c44b119f
2024-11-21T10:37:44.452Z info: Request: GET /api/ratings/672c775feabd4713c44b11a0
2024-11-21T10:37:44.455Z info: Request: GET /api/ratings/672c775feabd4713c44b11a1
2024-11-21T10:37:44.458Z info: Request: GET /api/ratings/672c775feabd4713c44b11a2
2024-11-21T10:37:44.941Z info: Request: GET /producto/672c775feabd4713c44b119f
2024-11-21T10:37:44.985Z info: Request: GET /api/ratings/672c775feabd4713c44b119f
2024-11-21T10:37:45.931Z info: Request: GET /
2024-11-21T10:39:11.241Z info: Request: GET /categoria/men's%20clothing
2024-11-21T10:39:11.291Z info: Request: GET /api/ratings/672c775feabd4713c44b119f
2024-11-21T10:39:11.296Z info: Request: GET /api/ratings/672c775feabd4713c44b11a0
2024-11-21T10:39:11.298Z info: Request: GET /api/ratings/672c775feabd4713c44b11a1
2024-11-21T10:39:11.302Z info: Request: GET /api/ratings/672c775feabd4713c44b11a2
2024-11-21T10:39:18.157Z info: Request: GET /categoria/men's%20clothing
2024-11-21T10:39:18.188Z info: Request: GET /api/ratings/672c775feabd4713c44b119f
2024-11-21T10:39:18.191Z info: Request: GET /api/ratings/672c775feabd4713c44b11a0
2024-11-21T10:39:18.192Z info: Request: GET /api/ratings/672c775feabd4713c44b11a1
2024-11-21T10:39:18.194Z info: Request: GET /api/ratings/672c775feabd4713c44b11a2
2024-11-21T10:39:18.203Z info: Request: GET /favicon.ico
2024-11-21T10:41:34.919Z info: Request: GET /categoria/men's%20clothing
2024-11-21T10:41:34.952Z info: Request: GET /api/ratings/672c775feabd4713c44b119f
2024-11-21T10:41:34.954Z info: Request: GET /api/ratings/672c775feabd4713c44b11a0
2024-11-21T10:41:34.955Z info: Request: GET /api/ratings/672c775feabd4713c44b11a1
2024-11-21T10:41:34.958Z info: Request: GET /api/ratings/672c775feabd4713c44b11a2
2024-11-21T10:41:35.757Z info: Request: GET /categoria/men's%20clothing
2024-11-21T10:41:35.786Z info: Request: GET /api/ratings/672c775feabd4713c44b119f
2024-11-21T10:41:35.788Z info: Request: GET /api/ratings/672c775feabd4713c44b11a0
2024-11-21T10:41:35.790Z info: Request: GET /api/ratings/672c775feabd4713c44b11a1
2024-11-21T10:41:35.791Z info: Request: GET /api/ratings/672c775feabd4713c44b11a2
2024-11-21T10:42:05.552Z info: Request: GET /categoria/men's%20clothing
2024-11-21T10:42:05.595Z info: Request: GET /api/ratings/672c775feabd4713c44b119f
2024-11-21T10:42:05.596Z info: Request: GET /api/ratings/672c775feabd4713c44b11a0
2024-11-21T10:42:05.599Z info: Request: GET /api/ratings/672c775feabd4713c44b11a1
2024-11-21T10:42:05.601Z info: Request: GET /api/ratings/672c775feabd4713c44b11a2
2024-11-21T10:42:44.594Z info: Request: GET /categoria/men's%20clothing
2024-11-21T10:42:44.642Z info: Request: GET /api/ratings/672c775feabd4713c44b119f
2024-11-21T10:42:44.644Z info: Request: GET /api/ratings/672c775feabd4713c44b11a0
2024-11-21T10:42:44.645Z info: Request: GET /api/ratings/672c775feabd4713c44b11a1
2024-11-21T10:42:44.649Z info: Request: GET /api/ratings/672c775feabd4713c44b11a2
2024-11-21T10:47:10.670Z info: Request: GET /categoria/men's%20clothing
2024-11-21T10:47:10.722Z info: Request: GET /api/ratings/672c775feabd4713c44b119f
2024-11-21T10:47:10.724Z info: Request: GET /api/ratings/672c775feabd4713c44b11a0
2024-11-21T10:47:10.728Z info: Request: GET /api/ratings/672c775feabd4713c44b11a1
2024-11-21T10:47:10.729Z info: Request: GET /api/ratings/672c775feabd4713c44b11a2
2024-11-21T10:47:12.731Z info: Request: GET /
2024-11-21T10:47:13.448Z info: Request: GET /categoria/men's%20clothing
2024-11-21T10:47:13.503Z info: Request: GET /api/ratings/672c775feabd4713c44b119f
2024-11-21T10:47:13.506Z info: Request: GET /api/ratings/672c775feabd4713c44b11a0
2024-11-21T10:47:13.508Z info: Request: GET /api/ratings/672c775feabd4713c44b11a1
2024-11-21T10:47:13.509Z info: Request: GET /api/ratings/672c775feabd4713c44b11a2
2024-11-21T10:47:13.990Z info: Request: GET /producto/672c775feabd4713c44b119f
2024-11-21T10:47:14.038Z info: Request: GET /api/ratings/672c775feabd4713c44b119f
2024-11-21T10:47:18.412Z info: Request: GET /
2024-11-21T10:47:20.933Z info: Request: GET /categoria/men's%20clothing
2024-11-21T10:47:20.995Z info: Request: GET /api/ratings/672c775feabd4713c44b119f
2024-11-21T10:47:20.996Z info: Request: GET /api/ratings/672c775feabd4713c44b11a0
2024-11-21T10:47:20.999Z info: Request: GET /api/ratings/672c775feabd4713c44b11a1
2024-11-21T10:47:21.001Z info: Request: GET /api/ratings/672c775feabd4713c44b11a2
2024-11-21T10:50:35.438Z info: Request: GET /
2024-11-21T10:50:36.243Z info: Request: GET /categoria/men's%20clothing
2024-11-21T10:50:36.288Z info: Request: GET /api/ratings/672c775feabd4713c44b119f
2024-11-21T10:50:36.290Z info: Request: GET /api/ratings/672c775feabd4713c44b11a0
2024-11-21T10:50:36.295Z info: Request: GET /api/ratings/672c775feabd4713c44b11a1
2024-11-21T10:50:36.296Z info: Request: GET /api/ratings/672c775feabd4713c44b11a2
2024-11-21T10:50:39.681Z info: Request: GET /producto/672c775feabd4713c44b11a0
2024-11-21T10:50:39.723Z info: Request: GET /api/ratings/672c775feabd4713c44b11a0
2024-11-21T10:51:15.191Z info: Request: GET /producto/672c775feabd4713c44b11a0
2024-11-21T10:51:15.224Z info: Request: GET /api/ratings/672c775feabd4713c44b11a0
2024-11-21T10:51:21.809Z info: Request: GET /
2024-11-21T10:52:23.085Z info: Request: GET /
2024-11-21T10:52:24.067Z info: Request: GET /categoria/men's%20clothing
2024-11-21T10:52:24.132Z info: Request: GET /api/ratings/672c775feabd4713c44b119f
2024-11-21T10:52:24.136Z info: Request: GET /api/ratings/672c775feabd4713c44b11a0
2024-11-21T10:52:24.137Z info: Request: GET /api/ratings/672c775feabd4713c44b11a1
2024-11-21T10:52:24.142Z info: Request: GET /api/ratings/672c775feabd4713c44b11a2
2024-11-21T10:52:40.768Z info: Request: GET /categoria/men's%20clothing
2024-11-21T10:52:40.803Z info: Request: GET /api/ratings/672c775feabd4713c44b119f
2024-11-21T10:52:40.803Z info: Request: GET /api/ratings/672c775feabd4713c44b11a0
2024-11-21T10:52:40.808Z info: Request: GET /api/ratings/672c775feabd4713c44b11a1
2024-11-21T10:52:40.809Z info: Request: GET /api/ratings/672c775feabd4713c44b11a2
2024-11-21T10:52:57.025Z info: Request: GET /categoria/men's%20clothing
2024-11-21T10:52:57.056Z info: Request: GET /api/ratings/672c775feabd4713c44b119f
2024-11-21T10:52:57.058Z info: Request: GET /api/ratings/672c775feabd4713c44b11a0
2024-11-21T10:52:57.060Z info: Request: GET /api/ratings/672c775feabd4713c44b11a1
2024-11-21T10:52:57.063Z info: Request: GET /api/ratings/672c775feabd4713c44b11a2
2024-11-21T10:52:57.859Z info: Request: GET /categoria/men's%20clothing
2024-11-21T10:52:57.896Z info: Request: GET /api/ratings/672c775feabd4713c44b119f
2024-11-21T10:52:57.898Z info: Request: GET /api/ratings/672c775feabd4713c44b11a0
2024-11-21T10:52:57.899Z info: Request: GET /api/ratings/672c775feabd4713c44b11a1
2024-11-21T10:52:57.904Z info: Request: GET /api/ratings/672c775feabd4713c44b11a2
2024-11-21T10:53:01.325Z info: Request: GET /producto/672c775feabd4713c44b119f
2024-11-21T10:53:01.387Z info: Request: GET /api/ratings/672c775feabd4713c44b119f
2024-11-21T10:53:16.759Z info: Request: GET /producto/672c775feabd4713c44b119f
2024-11-21T10:53:16.791Z info: Request: GET /api/ratings/672c775feabd4713c44b119f
2024-11-21T10:53:20.886Z info: Request: GET /
2024-11-21T10:53:21.595Z info: Request: GET /categoria/men's%20clothing
2024-11-21T10:53:21.646Z info: Request: GET /api/ratings/672c775feabd4713c44b119f
2024-11-21T10:53:21.648Z info: Request: GET /api/ratings/672c775feabd4713c44b11a0
2024-11-21T10:53:21.653Z info: Request: GET /api/ratings/672c775feabd4713c44b11a1
2024-11-21T10:53:21.654Z info: Request: GET /api/ratings/672c775feabd4713c44b11a2
2024-11-21T10:55:24.892Z info: Request: GET /categoria/men's%20clothing
2024-11-21T10:55:24.932Z info: Request: GET /api/ratings/672c775feabd4713c44b119f
2024-11-21T10:55:24.935Z info: Request: GET /api/ratings/672c775feabd4713c44b11a0
2024-11-21T10:55:24.936Z info: Request: GET /api/ratings/672c775feabd4713c44b11a1
2024-11-21T10:55:24.939Z info: Request: GET /api/ratings/672c775feabd4713c44b11a2
2024-11-21T10:55:26.421Z info: Request: GET /
2024-11-21T10:55:27.344Z info: Request: GET /categoria/men's%20clothing
2024-11-21T10:55:27.400Z info: Request: GET /api/ratings/672c775feabd4713c44b119f
2024-11-21T10:55:27.402Z info: Request: GET /api/ratings/672c775feabd4713c44b11a0
2024-11-21T10:55:27.406Z info: Request: GET /api/ratings/672c775feabd4713c44b11a1
2024-11-21T10:55:27.409Z info: Request: GET /api/ratings/672c775feabd4713c44b11a2
2024-11-21T10:56:28.957Z info: Request: GET /categoria/men's%20clothing
2024-11-21T10:56:28.991Z info: Request: GET /api/ratings/672c775feabd4713c44b119f
2024-11-21T10:56:28.993Z info: Request: GET /api/ratings/672c775feabd4713c44b11a0
2024-11-21T10:56:28.994Z info: Request: GET /api/ratings/672c775feabd4713c44b11a1
2024-11-21T10:56:28.997Z info: Request: GET /api/ratings/672c775feabd4713c44b11a2
2024-11-21T10:56:32.363Z info: Request: GET /producto/672c775feabd4713c44b11a0
2024-11-21T10:56:32.405Z info: Request: GET /api/ratings/672c775feabd4713c44b11a0
2024-11-21T10:56:46.459Z info: Request: GET /producto/672c775feabd4713c44b11a0
2024-11-21T10:56:46.491Z info: Request: GET /api/ratings/672c775feabd4713c44b11a0
2024-11-21T10:58:04.165Z info: Request: GET /producto/672c775feabd4713c44b11a0
2024-11-21T10:58:04.212Z info: Request: GET /api/ratings/672c775feabd4713c44b11a0
2024-11-21T10:59:09.135Z info: Request: GET /producto/672c775feabd4713c44b11a0
2024-11-21T10:59:09.168Z info: Request: GET /api/ratings/672c775feabd4713c44b11a0
2024-11-21T10:59:34.112Z info: Request: GET /producto/672c775feabd4713c44b11a0
2024-11-21T10:59:34.146Z info: Request: GET /api/ratings/672c775feabd4713c44b11a0
2024-11-21T11:01:02.104Z info: Request: GET /producto/672c775feabd4713c44b11a0
2024-11-21T11:01:02.134Z info: Request: GET /api/ratings/672c775feabd4713c44b11a0
2024-11-21T11:01:17.267Z info: Request: GET /producto/672c775feabd4713c44b11a0
2024-11-21T11:01:17.299Z info: Request: GET /api/ratings/672c775feabd4713c44b11a0
2024-11-21T11:01:26.929Z info: Request: GET /producto/672c775feabd4713c44b11a0
2024-11-21T11:01:26.960Z info: Request: GET /api/ratings/672c775feabd4713c44b11a0
2024-11-21T11:02:36.250Z info: Request: GET /producto/672c775feabd4713c44b11a0
2024-11-21T11:02:36.284Z info: Request: GET /api/ratings/672c775feabd4713c44b11a0
2024-11-21T11:02:36.965Z info: Request: GET /producto/672c775feabd4713c44b11a0
2024-11-21T11:02:37.001Z info: Request: GET /api/ratings/672c775feabd4713c44b11a0
2024-11-21T11:02:37.346Z info: Request: GET /producto/672c775feabd4713c44b11a0
2024-11-21T11:02:37.383Z info: Request: GET /api/ratings/672c775feabd4713c44b11a0
2024-11-21T11:02:54.726Z info: Request: GET /producto/672c775feabd4713c44b11a0
2024-11-21T11:02:54.761Z info: Request: GET /api/ratings/672c775feabd4713c44b11a0
2024-11-21T11:02:55.200Z info: Request: GET /producto/672c775feabd4713c44b11a0
2024-11-21T11:02:55.232Z info: Request: GET /api/ratings/672c775feabd4713c44b11a0
2024-11-21T11:03:00.650Z info: Request: GET /producto/672c775feabd4713c44b11a0
2024-11-21T11:03:00.683Z info: Request: GET /api/ratings/672c775feabd4713c44b11a0
2024-11-21T11:03:01.093Z info: Request: GET /producto/672c775feabd4713c44b11a0
2024-11-21T11:03:01.125Z info: Request: GET /api/ratings/672c775feabd4713c44b11a0
2024-11-21T11:03:09.819Z info: Request: GET /producto/672c775feabd4713c44b11a0
2024-11-21T11:03:09.852Z info: Request: GET /api/ratings/672c775feabd4713c44b11a0
2024-11-21T11:03:10.331Z info: Request: GET /producto/672c775feabd4713c44b11a0
2024-11-21T11:03:10.364Z info: Request: GET /api/ratings/672c775feabd4713c44b11a0
2024-11-21T11:04:05.374Z info: Request: GET /producto/672c775feabd4713c44b11a0
2024-11-21T11:04:05.413Z info: Request: GET /api/ratings/672c775feabd4713c44b11a0
2024-11-21T11:04:25.267Z info: Request: GET /producto/672c775feabd4713c44b11a0
2024-11-21T11:04:25.303Z info: Request: GET /api/ratings/672c775feabd4713c44b11a0
2024-11-21T11:04:37.484Z info: Request: GET /producto/672c775feabd4713c44b11a0
2024-11-21T11:04:37.524Z info: Request: GET /api/ratings/672c775feabd4713c44b11a0
2024-11-21T11:04:38.037Z info: Request: GET /producto/672c775feabd4713c44b11a0
2024-11-21T11:04:38.070Z info: Request: GET /api/ratings/672c775feabd4713c44b11a0
2024-11-21T11:04:45.386Z info: Request: GET /producto/672c775feabd4713c44b11a0
2024-11-21T11:04:45.416Z info: Request: GET /api/ratings/672c775feabd4713c44b11a0
2024-11-21T11:06:02.695Z info: Request: GET /producto/672c775feabd4713c44b11a0
2024-11-21T11:06:02.726Z info: Request: GET /favicon.ico
2024-11-21T11:06:02.727Z info: Request: GET /api/ratings/672c775feabd4713c44b11a0
2024-11-21T11:06:04.412Z info: Request: GET /
2024-11-21T11:06:10.938Z info: Request: GET /categoria/men's%20clothing
2024-11-21T11:06:10.999Z info: Request: GET /api/ratings/672c775feabd4713c44b11a0
2024-11-21T11:06:11.008Z info: Request: GET /api/ratings/672c775feabd4713c44b119f
2024-11-21T11:06:11.011Z info: Request: GET /api/ratings/672c775feabd4713c44b11a1
2024-11-21T11:06:11.013Z info: Request: GET /api/ratings/672c775feabd4713c44b11a2
2024-11-21T11:06:26.936Z info: Request: GET /categoria/men's%20clothing
2024-11-21T11:06:26.970Z info: Request: GET /api/ratings/672c775feabd4713c44b119f
2024-11-21T11:06:26.972Z info: Request: GET /api/ratings/672c775feabd4713c44b11a0
2024-11-21T11:06:26.973Z info: Request: GET /api/ratings/672c775feabd4713c44b11a1
2024-11-21T11:06:26.977Z info: Request: GET /api/ratings/672c775feabd4713c44b11a2
2024-11-21T11:06:30.422Z info: Request: GET /producto/672c775feabd4713c44b11a0
2024-11-21T11:06:30.465Z info: Request: GET /api/ratings/672c775feabd4713c44b11a0
2024-11-21T11:09:07.697Z info: Request: GET /
2024-11-21T11:09:08.452Z info: Request: GET /categoria/men's%20clothing
2024-11-21T11:09:08.529Z info: Request: GET /api/ratings/672c775feabd4713c44b119f
2024-11-21T11:09:08.533Z info: Request: GET /api/ratings/672c775feabd4713c44b11a0
2024-11-21T11:09:08.545Z info: Request: GET /api/ratings/672c775feabd4713c44b11a1
2024-11-21T11:09:08.548Z info: Request: GET /api/ratings/672c775feabd4713c44b11a2
2024-11-21T11:09:11.897Z info: Request: GET /producto/672c775feabd4713c44b119f
2024-11-21T11:09:11.954Z info: Request: GET /api/ratings/672c775feabd4713c44b119f
2024-11-21T11:13:30.919Z info: Request: GET /
2024-11-21T11:13:31.883Z info: Request: GET /categoria/women's%20clothing
2024-11-21T11:13:31.980Z info: Request: GET /api/ratings/672c775feabd4713c44b11ad
2024-11-21T11:13:31.984Z info: Request: GET /api/ratings/672c775feabd4713c44b11ae
2024-11-21T11:13:31.986Z info: Request: GET /api/ratings/672c775feabd4713c44b11af
2024-11-21T11:13:31.993Z info: Request: GET /api/ratings/672c775feabd4713c44b11b0
2024-11-21T11:13:31.995Z info: Request: GET /api/ratings/672c775feabd4713c44b11b1
2024-11-21T11:13:32.001Z info: Request: GET /api/ratings/672c775feabd4713c44b11b2
2024-11-21T11:13:35.031Z info: Request: GET /producto/672c775feabd4713c44b11ad
2024-11-21T11:13:35.099Z info: Request: GET /api/ratings/672c775feabd4713c44b11ad
2024-11-21T11:14:23.180Z info: Request: GET /
2024-11-21T11:15:01.864Z info: Request: GET /
2024-11-21T11:15:02.359Z info: Request: GET /categoria/men's%20clothing
2024-11-21T11:15:02.434Z info: Request: GET /api/ratings/672c775feabd4713c44b119f
2024-11-21T11:15:02.435Z info: Request: GET /api/ratings/672c775feabd4713c44b11a0
2024-11-21T11:15:02.440Z info: Request: GET /api/ratings/672c775feabd4713c44b11a1
2024-11-21T11:15:02.441Z info: Request: GET /api/ratings/672c775feabd4713c44b11a2
2024-11-21T11:15:03.882Z info: Request: GET /producto/672c775feabd4713c44b119f
2024-11-21T11:15:03.945Z info: Request: GET /api/ratings/672c775feabd4713c44b119f
2024-11-21T11:15:08.146Z info: Request: GET /
2024-11-21T11:15:08.944Z info: Request: GET /categoria/men's%20clothing
2024-11-21T11:15:09.012Z info: Request: GET /api/ratings/672c775feabd4713c44b119f
2024-11-21T11:15:09.014Z info: Request: GET /api/ratings/672c775feabd4713c44b11a0
2024-11-21T11:15:09.017Z info: Request: GET /api/ratings/672c775feabd4713c44b11a1
2024-11-21T11:15:09.020Z info: Request: GET /api/ratings/672c775feabd4713c44b11a2
2024-11-21T11:15:09.518Z info: Request: GET /producto/672c775feabd4713c44b119f
2024-11-21T11:15:09.562Z info: Request: GET /api/ratings/672c775feabd4713c44b119f
2024-11-21T11:16:32.491Z info: Request: GET /producto/672c775feabd4713c44b119f
2024-11-21T11:16:32.558Z info: Request: GET /api/ratings/672c775feabd4713c44b119f
2024-11-21T11:16:35.268Z info: Request: POST /agregar-al-carrito
2024-11-21T11:16:35.276Z info: Request: GET /carrito
2024-11-21T11:16:37.961Z info: Request: POST /eliminar-del-carrito
2024-11-21T11:16:37.963Z info: Request: GET /
2024-11-21T11:16:39.007Z info: Request: GET /categoria/men's%20clothing
2024-11-21T11:16:39.063Z info: Request: GET /api/ratings/672c775feabd4713c44b119f
2024-11-21T11:16:39.072Z info: Request: GET /api/ratings/672c775feabd4713c44b11a0
2024-11-21T11:16:39.082Z info: Request: GET /api/ratings/672c775feabd4713c44b11a1
2024-11-21T11:16:39.086Z info: Request: GET /api/ratings/672c775feabd4713c44b11a2
2024-11-21T11:16:41.555Z info: Request: GET /producto/672c775feabd4713c44b119f
2024-11-21T11:16:41.601Z info: Request: GET /api/ratings/672c775feabd4713c44b119f
2024-11-21T11:18:52.851Z info: Request: GET /
2024-11-21T11:18:53.793Z info: Request: GET /categoria/men's%20clothing
2024-11-21T11:18:53.861Z info: Request: GET /api/ratings/672c775feabd4713c44b119f
2024-11-21T11:18:53.871Z info: Request: GET /api/ratings/672c775feabd4713c44b11a0
2024-11-21T11:18:53.883Z info: Request: GET /api/ratings/672c775feabd4713c44b11a1
2024-11-21T11:18:53.885Z info: Request: GET /api/ratings/672c775feabd4713c44b11a2
2024-11-21T11:18:54.429Z info: Request: GET /producto/672c775feabd4713c44b119f
2024-11-21T11:18:54.480Z info: Request: GET /api/ratings/672c775feabd4713c44b119f
2024-11-21T11:20:45.335Z info: Request: GET /producto/672c775feabd4713c44b119f
2024-11-21T11:20:45.376Z info: Request: GET /api/ratings/672c775feabd4713c44b119f
2024-11-21T11:21:27.810Z info: Request: GET /producto/672c775feabd4713c44b119f
2024-11-21T11:21:27.852Z info: Request: GET /api/ratings/672c775feabd4713c44b119f
2024-11-28T09:46:23.725Z info: Request: GET /
2024-11-28T09:46:23.932Z info: Request: GET /favicon.ico
2024-11-28T09:46:26.185Z info: Request: GET /login
2024-11-28T09:46:27.975Z info: Request: GET /
2024-11-28T09:46:28.708Z info: Request: GET /categoria/men's%20clothing
2024-11-28T09:46:28.763Z info: Request: GET /api/ratings/672c775feabd4713c44b119f
2024-11-28T09:46:28.766Z info: Request: GET /api/ratings/672c775feabd4713c44b11a0
2024-11-28T09:46:28.770Z info: Request: GET /api/ratings/672c775feabd4713c44b11a1
2024-11-28T09:46:28.772Z info: Request: GET /api/ratings/672c775feabd4713c44b11a2
2024-11-28T09:46:30.671Z info: Request: GET /producto/672c775feabd4713c44b119f
2024-11-28T09:46:30.731Z info: Request: GET /api/ratings/672c775feabd4713c44b119f
2024-11-28T09:46:36.862Z info: Request: GET /producto/672c775feabd4713c44b11a2
2024-11-28T09:46:36.919Z info: Request: GET /api/ratings/672c775feabd4713c44b11a2
2024-11-28T09:55:19.506Z info: Request: GET /
2024-11-28T09:55:26.964Z info: Request: GET /categoria/men's%20clothing
2024-11-28T09:55:27.001Z info: Request: GET /api/ratings/672c775feabd4713c44b119f
2024-11-28T09:55:27.003Z info: Request: GET /api/ratings/672c775feabd4713c44b11a0
2024-11-28T09:55:27.011Z info: Request: GET /api/ratings/672c775feabd4713c44b11a1
2024-11-28T09:55:27.014Z info: Request: GET /api/ratings/672c775feabd4713c44b11a2
2024-11-28T09:55:29.499Z info: Request: GET /producto/672c775feabd4713c44b11a2
2024-11-28T09:55:29.532Z info: Request: GET /api/ratings/672c775feabd4713c44b11a2
2024-11-28T09:59:50.251Z info: Request: GET /
2024-11-28T09:59:51.022Z info: Request: GET /categoria/women's%20clothing
2024-11-28T09:59:51.083Z info: Request: GET /api/ratings/672c775feabd4713c44b11ad
2024-11-28T09:59:51.084Z info: Request: GET /api/ratings/672c775feabd4713c44b11ae
2024-11-28T09:59:51.085Z info: Request: GET /api/ratings/672c775feabd4713c44b11af
2024-11-28T09:59:51.087Z info: Request: GET /api/ratings/672c775feabd4713c44b11b0
2024-11-28T09:59:51.088Z info: Request: GET /api/ratings/672c775feabd4713c44b11b1
2024-11-28T09:59:51.098Z info: Request: GET /api/ratings/672c775feabd4713c44b11b2
2024-11-28T09:59:51.458Z info: Request: GET /favicon.ico
2024-11-28T09:59:52.517Z info: Request: GET /producto/672c775feabd4713c44b11ae
2024-11-28T09:59:52.568Z info: Request: GET /api/ratings/672c775feabd4713c44b11ae
2024-11-28T10:01:47.353Z info: Request: GET /producto/672c775feabd4713c44b11ae
2024-11-28T10:01:47.388Z info: Request: GET /api/ratings/672c775feabd4713c44b11ae
2024-11-28T10:01:52.719Z info: Request: GET /
2024-11-28T10:01:53.365Z info: Request: GET /categoria/electronics
2024-11-28T10:01:53.419Z info: Request: GET /api/ratings/672c775feabd4713c44b11a7
2024-11-28T10:01:53.419Z info: Request: GET /api/ratings/672c775feabd4713c44b11a8
2024-11-28T10:01:53.420Z info: Request: GET /api/ratings/672c775feabd4713c44b11a9
2024-11-28T10:01:53.424Z info: Request: GET /api/ratings/672c775feabd4713c44b11aa
2024-11-28T10:01:53.426Z info: Request: GET /api/ratings/672c775feabd4713c44b11ac
2024-11-28T10:01:53.428Z info: Request: GET /api/ratings/672c775feabd4713c44b11ab
2024-11-28T10:01:54.106Z info: Request: GET /producto/672c775feabd4713c44b11a8
2024-11-28T10:01:54.166Z info: Request: GET /api/ratings/672c775feabd4713c44b11a8
2024-11-28T10:01:59.767Z info: Request: GET /producto/672c775feabd4713c44b11a8
2024-11-28T10:01:59.802Z info: Request: GET /api/ratings/672c775feabd4713c44b11a8
2024-11-28T10:02:00.247Z info: Request: GET /producto/672c775feabd4713c44b11a8
2024-11-28T10:02:00.279Z info: Request: GET /api/ratings/672c775feabd4713c44b11a8
2024-11-28T10:03:41.818Z info: Request: GET /
2024-11-28T10:03:42.637Z info: Request: GET /
2024-11-28T10:04:02.875Z info: Request: GET /
2024-11-28T10:10:42.366Z info: Request: GET /
2024-11-28T10:10:42.874Z info: Request: GET /categoria/men's%20clothing
2024-11-28T10:10:42.910Z info: Request: GET /api/ratings/672c775feabd4713c44b119f
2024-11-28T10:10:42.917Z info: Request: GET /api/ratings/672c775feabd4713c44b11a0
2024-11-28T10:10:42.920Z info: Request: GET /api/ratings/672c775feabd4713c44b11a1
2024-11-28T10:10:42.922Z info: Request: GET /api/ratings/672c775feabd4713c44b11a2
2024-11-28T10:10:46.109Z info: Request: GET /producto/672c775feabd4713c44b119f
2024-11-28T10:10:46.143Z info: Request: GET /api/ratings/672c775feabd4713c44b119f
2024-11-28T10:10:47.586Z info: Request: POST /agregar-al-carrito
2024-11-28T10:10:47.593Z info: Request: GET /carrito
2024-11-28T10:10:48.940Z info: Request: POST /eliminar-del-carrito
2024-11-28T10:10:48.944Z info: Request: GET /
2024-11-28T10:11:21.363Z info: Request: GET /
2024-11-28T10:11:22.500Z info: Request: GET /categoria/men's%20clothing
2024-11-28T10:11:22.565Z info: Request: GET /api/ratings/672c775feabd4713c44b119f
2024-11-28T10:11:22.566Z info: Request: GET /api/ratings/672c775feabd4713c44b11a0
2024-11-28T10:11:22.572Z info: Request: GET /api/ratings/672c775feabd4713c44b11a1
2024-11-28T10:11:22.575Z info: Request: GET /api/ratings/672c775feabd4713c44b11a2
2024-11-28T10:11:23.142Z info: Request: GET /producto/672c775feabd4713c44b119f
2024-11-28T10:11:23.185Z info: Request: GET /api/ratings/672c775feabd4713c44b119f
2024-11-28T10:12:16.551Z info: Request: GET /
2024-11-28T10:12:17.066Z info: Request: GET /categoria/men's%20clothing
2024-11-28T10:12:17.108Z info: Request: GET /api/ratings/672c775feabd4713c44b119f
2024-11-28T10:12:17.109Z info: Request: GET /api/ratings/672c775feabd4713c44b11a0
2024-11-28T10:12:17.113Z info: Request: GET /api/ratings/672c775feabd4713c44b11a1
2024-11-28T10:12:17.114Z info: Request: GET /api/ratings/672c775feabd4713c44b11a2
2024-11-28T10:12:17.746Z info: Request: GET /producto/672c775feabd4713c44b119f
2024-11-28T10:12:17.786Z info: Request: GET /api/ratings/672c775feabd4713c44b119f
2024-11-28T10:14:29.741Z info: Request: GET /
2024-11-28T10:14:30.610Z info: Request: GET /categoria/women's%20clothing
2024-11-28T10:14:30.693Z info: Request: GET /api/ratings/672c775feabd4713c44b11ad
2024-11-28T10:14:30.693Z info: Request: GET /api/ratings/672c775feabd4713c44b11ae
2024-11-28T10:14:30.694Z info: Request: GET /api/ratings/672c775feabd4713c44b11af
2024-11-28T10:14:30.695Z info: Request: GET /api/ratings/672c775feabd4713c44b11b0
2024-11-28T10:14:30.702Z info: Request: GET /api/ratings/672c775feabd4713c44b11b1
2024-11-28T10:14:30.705Z info: Request: GET /api/ratings/672c775feabd4713c44b11b2
2024-11-28T10:14:32.638Z info: Request: GET /producto/672c775feabd4713c44b11ad
2024-11-28T10:14:32.688Z info: Request: GET /api/ratings/672c775feabd4713c44b11ad
2024-11-28T10:14:52.575Z info: Request: GET /producto/672c775feabd4713c44b11ad
2024-11-28T10:14:52.622Z info: Request: GET /api/ratings/672c775feabd4713c44b11ad
2024-11-28T10:15:04.462Z info: Request: GET /producto/672c775feabd4713c44b11ad
2024-11-28T10:15:04.500Z info: Request: GET /api/ratings/672c775feabd4713c44b11ad
2024-11-28T10:16:37.955Z info: Request: GET /producto/672c775feabd4713c44b11ad
2024-11-28T10:16:38.000Z info: Request: GET /favicon.ico
2024-11-28T10:16:38.004Z info: Request: GET /api/ratings/672c775feabd4713c44b11ad
2024-11-28T10:17:40.079Z info: Request: GET /
2024-11-28T10:17:41.880Z info: Request: GET /categoria/men's%20clothing
2024-11-28T10:17:41.958Z info: Request: GET /api/ratings/672c775feabd4713c44b119f
2024-11-28T10:17:41.959Z info: Request: GET /api/ratings/672c775feabd4713c44b11a0
2024-11-28T10:17:41.960Z info: Request: GET /api/ratings/672c775feabd4713c44b11a1
2024-11-28T10:17:41.961Z info: Request: GET /api/ratings/672c775feabd4713c44b11a2
2024-11-28T10:18:17.396Z info: Request: GET /categoria/men's%20clothing
2024-11-28T10:18:17.435Z info: Request: GET /api/ratings/672c775feabd4713c44b119f
2024-11-28T10:18:17.436Z info: Request: GET /api/ratings/672c775feabd4713c44b11a0
2024-11-28T10:18:17.443Z info: Request: GET /api/ratings/672c775feabd4713c44b11a1
2024-11-28T10:18:17.444Z info: Request: GET /api/ratings/672c775feabd4713c44b11a2
2024-11-28T10:18:45.791Z info: Request: GET /categoria/men's%20clothing
2024-11-28T10:20:31.283Z info: Request: GET /categoria/men's%20clothing
2024-11-28T10:20:31.328Z info: Request: GET /api/ratings/672c775feabd4713c44b119f
2024-11-28T10:20:31.329Z info: Request: GET /api/ratings/672c775feabd4713c44b11a0
2024-11-28T10:20:31.340Z info: Request: GET /api/ratings/672c775feabd4713c44b11a1
2024-11-28T10:20:31.343Z info: Request: GET /api/ratings/672c775feabd4713c44b11a2
2024-11-28T10:22:23.900Z info: Request: GET /categoria/men's%20clothing
2024-11-28T10:22:23.942Z info: Request: GET /api/ratings/672c775feabd4713c44b119f
2024-11-28T10:22:23.946Z info: Request: GET /api/ratings/672c775feabd4713c44b11a0
2024-11-28T10:22:23.948Z info: Request: GET /api/ratings/672c775feabd4713c44b11a1
2024-11-28T10:22:23.952Z info: Request: GET /api/ratings/672c775feabd4713c44b11a2
2024-11-28T10:22:24.393Z info: Request: GET /categoria/men's%20clothing
2024-11-28T10:22:24.423Z info: Request: GET /api/ratings/672c775feabd4713c44b119f
2024-11-28T10:22:24.424Z info: Request: GET /api/ratings/672c775feabd4713c44b11a0
2024-11-28T10:22:24.428Z info: Request: GET /api/ratings/672c775feabd4713c44b11a1
2024-11-28T10:22:24.431Z info: Request: GET /api/ratings/672c775feabd4713c44b11a2
2024-11-28T10:22:25.079Z info: Request: PUT /api/ratings/672c775feabd4713c44b119f
2024-11-28T10:22:25.394Z info: Request: GET /producto/672c775feabd4713c44b119f
2024-11-28T10:22:25.436Z info: Request: GET /api/ratings/672c775feabd4713c44b119f
2024-11-28T10:22:27.450Z info: Request: PUT /api/ratings/672c775feabd4713c44b119f
2024-11-28T10:22:32.532Z info: Request: GET /producto/672c775feabd4713c44b11a0
2024-11-28T10:22:32.579Z info: Request: GET /api/ratings/672c775feabd4713c44b11a0
2024-11-28T10:22:33.726Z info: Request: PUT /api/ratings/672c775feabd4713c44b11a0
2024-11-28T10:22:37.872Z info: Request: GET /categoria/men's%20clothing
2024-11-28T10:22:37.902Z info: Request: GET /api/ratings/672c775feabd4713c44b119f
2024-11-28T10:22:37.906Z info: Request: GET /api/ratings/672c775feabd4713c44b11a0
2024-11-28T10:22:37.907Z info: Request: GET /api/ratings/672c775feabd4713c44b11a1
2024-11-28T10:22:37.911Z info: Request: GET /api/ratings/672c775feabd4713c44b11a2
2024-11-28T10:22:38.464Z info: Request: GET /categoria/men's%20clothing
2024-11-28T10:22:38.496Z info: Request: GET /api/ratings/672c775feabd4713c44b119f
2024-11-28T10:22:38.498Z info: Request: GET /api/ratings/672c775feabd4713c44b11a0
2024-11-28T10:22:38.500Z info: Request: GET /api/ratings/672c775feabd4713c44b11a1
2024-11-28T10:22:38.501Z info: Request: GET /api/ratings/672c775feabd4713c44b11a2
2024-11-28T10:25:37.689Z info: Request: GET /categoria/men's%20clothing
2024-11-28T10:25:37.719Z info: Request: GET /api/ratings/672c775feabd4713c44b119f
2024-11-28T10:25:37.721Z info: Request: GET /api/ratings/672c775feabd4713c44b11a0
2024-11-28T10:25:37.726Z info: Request: GET /api/ratings/672c775feabd4713c44b11a1
2024-11-28T10:25:37.727Z info: Request: GET /api/ratings/672c775feabd4713c44b11a2
2024-11-28T10:25:37.741Z info: Request: GET /favicon.ico
2024-11-28T10:25:38.161Z info: Request: GET /categoria/men's%20clothing
2024-11-28T10:25:38.190Z info: Request: GET /api/ratings/672c775feabd4713c44b119f
2024-11-28T10:25:38.193Z info: Request: GET /api/ratings/672c775feabd4713c44b11a0
2024-11-28T10:25:38.194Z info: Request: GET /api/ratings/672c775feabd4713c44b11a1
2024-11-28T10:25:38.196Z info: Request: GET /api/ratings/672c775feabd4713c44b11a2
2024-11-28T10:25:38.394Z info: Request: GET /categoria/men's%20clothing
2024-11-28T10:25:38.426Z info: Request: GET /api/ratings/672c775feabd4713c44b119f
2024-11-28T10:25:38.429Z info: Request: GET /api/ratings/672c775feabd4713c44b11a0
2024-11-28T10:25:38.430Z info: Request: GET /api/ratings/672c775feabd4713c44b11a1
2024-11-28T10:25:38.434Z info: Request: GET /api/ratings/672c775feabd4713c44b11a2
2024-11-28T10:25:39.074Z info: Request: GET /producto/672c775feabd4713c44b11a1
2024-11-28T10:25:39.120Z info: Request: GET /api/ratings/672c775feabd4713c44b11a1
2024-11-28T10:25:40.440Z info: Request: PUT /api/ratings/672c775feabd4713c44b11a1
2024-11-28T10:25:42.778Z info: Request: PUT /api/ratings/672c775feabd4713c44b11a1
2024-11-28T10:25:43.565Z info: Request: PUT /api/ratings/672c775feabd4713c44b11a1
2024-11-28T10:25:44.258Z info: Request: PUT /api/ratings/672c775feabd4713c44b11a1
2024-11-28T10:25:45.122Z info: Request: PUT /api/ratings/672c775feabd4713c44b11a1
2024-11-28T10:25:45.743Z info: Request: PUT /api/ratings/672c775feabd4713c44b11a1
2024-11-28T10:25:46.172Z info: Request: PUT /api/ratings/672c775feabd4713c44b11a1
2024-11-28T10:25:46.538Z info: Request: PUT /api/ratings/672c775feabd4713c44b11a1
2024-11-28T10:25:47.972Z info: Request: PUT /api/ratings/672c775feabd4713c44b11a1
2024-11-28T10:25:48.434Z info: Request: PUT /api/ratings/672c775feabd4713c44b11a1
2024-11-28T10:26:27.514Z info: Request: GET /
2024-11-28T10:26:28.280Z info: Request: GET /categoria/women's%20clothing
2024-11-28T10:26:28.346Z info: Request: GET /api/ratings/672c775feabd4713c44b11ad
2024-11-28T10:26:28.359Z info: Request: GET /api/ratings/672c775feabd4713c44b11ae
2024-11-28T10:26:28.360Z info: Request: GET /api/ratings/672c775feabd4713c44b11af
2024-11-28T10:26:28.362Z info: Request: GET /api/ratings/672c775feabd4713c44b11b0
2024-11-28T10:26:28.363Z info: Request: GET /api/ratings/672c775feabd4713c44b11b1
2024-11-28T10:26:28.372Z info: Request: GET /api/ratings/672c775feabd4713c44b11b2
2024-11-28T10:26:29.776Z info: Request: PUT /api/ratings/672c775feabd4713c44b11ae
2024-11-28T10:26:31.443Z info: Request: PUT /api/ratings/672c775feabd4713c44b11ae
2024-11-28T10:27:05.071Z info: Request: GET /producto/672c775feabd4713c44b11ad
2024-11-28T10:27:05.138Z info: Request: GET /api/ratings/672c775feabd4713c44b11ad
2024-11-28T10:27:10.810Z info: Request: PUT /api/ratings/672c775feabd4713c44b11ae
2024-11-28T10:28:41.644Z info: Request: GET /
2024-11-28T10:28:42.454Z info: Request: GET /categoria/men's%20clothing
2024-11-28T10:28:42.496Z info: Request: GET /api/ratings/672c775feabd4713c44b119f
2024-11-28T10:28:42.500Z info: Request: GET /api/ratings/672c775feabd4713c44b11a0
2024-11-28T10:28:42.502Z info: Request: GET /api/ratings/672c775feabd4713c44b11a1
2024-11-28T10:28:42.515Z info: Request: GET /api/ratings/672c775feabd4713c44b11a2
2024-11-28T10:28:50.590Z info: Request: GET /producto/672c775feabd4713c44b11a2
2024-11-28T10:28:50.634Z info: Request: GET /api/ratings/672c775feabd4713c44b11a2
2024-11-28T10:29:50.288Z info: Request: GET /
2024-11-28T10:29:51.093Z info: Request: GET /categoria/men's%20clothing
2024-11-28T10:29:51.142Z info: Request: GET /api/ratings/672c775feabd4713c44b119f
2024-11-28T10:29:51.144Z info: Request: GET /api/ratings/672c775feabd4713c44b11a0
2024-11-28T10:29:51.150Z info: Request: GET /api/ratings/672c775feabd4713c44b11a1
2024-11-28T10:29:51.152Z info: Request: GET /api/ratings/672c775feabd4713c44b11a2
2024-11-28T10:29:54.135Z info: Request: GET /producto/672c775feabd4713c44b11a0
2024-11-28T10:29:54.183Z info: Request: GET /api/ratings/672c775feabd4713c44b11a0
2024-11-28T10:29:55.738Z info: Request: POST /agregar-al-carrito
2024-11-28T10:29:55.744Z info: Request: GET /carrito
2024-11-28T10:29:56.788Z info: Request: POST /eliminar-del-carrito
2024-11-28T10:29:56.794Z info: Request: GET /
2024-11-28T10:30:54.035Z info: Request: GET /
2024-11-28T10:30:54.781Z info: Request: GET /categoria/men's%20clothing
2024-11-28T10:30:54.832Z info: Request: GET /api/ratings/672c775feabd4713c44b119f
2024-11-28T10:30:54.839Z info: Request: GET /api/ratings/672c775feabd4713c44b11a0
2024-11-28T10:30:54.841Z info: Request: GET /api/ratings/672c775feabd4713c44b11a1
2024-11-28T10:30:54.849Z info: Request: GET /api/ratings/672c775feabd4713c44b11a2
2024-11-28T10:30:56.669Z info: Request: GET /producto/672c775feabd4713c44b119f
2024-11-28T10:30:56.718Z info: Request: GET /api/ratings/672c775feabd4713c44b119f
2024-11-28T10:31:02.918Z info: Request: GET /producto/672c775feabd4713c44b11a2
2024-11-28T10:31:02.961Z info: Request: GET /api/ratings/672c775feabd4713c44b11a2
2024-11-28T10:35:45.893Z info: Request: GET /
2024-11-28T10:35:46.852Z info: Request: GET /categoria/men's%20clothing
2024-11-28T10:35:46.922Z info: Request: GET /api/ratings/672c775feabd4713c44b119f
2024-11-28T10:35:46.924Z info: Request: GET /api/ratings/672c775feabd4713c44b11a0
2024-11-28T10:35:46.926Z info: Request: GET /api/ratings/672c775feabd4713c44b11a1
2024-11-28T10:35:46.930Z info: Request: GET /api/ratings/672c775feabd4713c44b11a2
2024-11-28T10:35:49.389Z info: Request: GET /producto/672c775feabd4713c44b119f
2024-11-28T10:35:49.434Z info: Request: GET /api/ratings/672c775feabd4713c44b119f
2024-11-28T10:36:26.158Z info: Request: POST /agregar-al-carrito
2024-11-28T10:36:26.165Z info: Request: GET /carrito
2024-11-28T10:36:27.683Z info: Request: GET /
2024-11-28T10:36:28.528Z info: Request: GET /categoria/electronics
2024-11-28T10:36:28.605Z info: Request: GET /api/ratings/672c775feabd4713c44b11a7
2024-11-28T10:36:28.606Z info: Request: GET /api/ratings/672c775feabd4713c44b11a8
2024-11-28T10:36:28.607Z info: Request: GET /api/ratings/672c775feabd4713c44b11a9
2024-11-28T10:36:28.608Z info: Request: GET /api/ratings/672c775feabd4713c44b11aa
2024-11-28T10:36:28.612Z info: Request: GET /api/ratings/672c775feabd4713c44b11ab
2024-11-28T10:36:28.615Z info: Request: GET /api/ratings/672c775feabd4713c44b11ac
2024-11-28T10:38:46.068Z info: Request: GET /categoria/electronics
2024-11-28T10:38:46.111Z info: Request: GET /api/ratings/672c775feabd4713c44b11a7
2024-11-28T10:38:46.112Z info: Request: GET /api/ratings/672c775feabd4713c44b11a8
2024-11-28T10:38:46.119Z info: Request: GET /api/ratings/672c775feabd4713c44b11ac
2024-11-28T10:38:46.120Z info: Request: GET /api/ratings/672c775feabd4713c44b11a9
2024-11-28T10:38:46.124Z info: Request: GET /api/ratings/672c775feabd4713c44b11aa
2024-11-28T10:38:46.128Z info: Request: GET /api/ratings/672c775feabd4713c44b11ab
2024-11-28T10:38:46.519Z info: Request: GET /categoria/electronics
2024-11-28T10:38:46.551Z info: Request: GET /api/ratings/672c775feabd4713c44b11a7
2024-11-28T10:38:46.554Z info: Request: GET /api/ratings/672c775feabd4713c44b11a8
2024-11-28T10:38:46.555Z info: Request: GET /api/ratings/672c775feabd4713c44b11a9
2024-11-28T10:38:46.556Z info: Request: GET /api/ratings/672c775feabd4713c44b11aa
2024-11-28T10:38:46.561Z info: Request: GET /api/ratings/672c775feabd4713c44b11ab
2024-11-28T10:38:46.567Z info: Request: GET /api/ratings/672c775feabd4713c44b11ac
2024-11-28T10:38:47.798Z info: Request: GET /producto/672c775feabd4713c44b11a7
2024-11-28T10:38:47.861Z info: Request: GET /api/ratings/672c775feabd4713c44b11a7
2024-11-28T10:39:11.071Z info: Request: GET /producto/672c775feabd4713c44b11a7
2024-11-28T10:39:11.120Z info: Request: GET /api/ratings/672c775feabd4713c44b11a7
2024-11-28T10:39:12.041Z info: Request: PUT /api/ratings/672c775feabd4713c44b11a7
2024-11-28T10:39:13.243Z info: Request: PUT /api/ratings/672c775feabd4713c44b11a7
2024-11-28T10:39:13.481Z info: Request: PUT /api/ratings/672c775feabd4713c44b11a7
2024-11-28T10:40:52.207Z info: Request: GET /
2024-11-28T10:40:53.397Z info: Request: GET /categoria/men's%20clothing
2024-11-28T10:40:53.453Z info: Request: GET /api/ratings/672c775feabd4713c44b119f
2024-11-28T10:40:53.456Z info: Request: GET /api/ratings/672c775feabd4713c44b11a0
2024-11-28T10:40:53.459Z info: Request: GET /api/ratings/672c775feabd4713c44b11a1
2024-11-28T10:40:53.463Z info: Request: GET /api/ratings/672c775feabd4713c44b11a2
2024-11-28T10:40:55.982Z info: Request: GET /producto/672c775feabd4713c44b11a0
2024-11-28T10:40:56.030Z info: Request: GET /api/ratings/672c775feabd4713c44b11a0
2024-11-28T10:40:57.093Z info: Request: PUT /api/ratings/672c775feabd4713c44b11a0
2024-11-28T10:40:58.193Z info: Request: PUT /api/ratings/672c775feabd4713c44b11a0
2024-11-28T10:40:58.883Z info: Request: PUT /api/ratings/672c775feabd4713c44b11a0
2024-11-28T10:40:59.551Z info: Request: PUT /api/ratings/672c775feabd4713c44b11a0
2024-11-28T10:41:00.058Z info: Request: PUT /api/ratings/672c775feabd4713c44b11a0
2024-11-28T10:41:00.292Z info: Request: PUT /api/ratings/672c775feabd4713c44b11a0
2024-11-28T10:41:00.474Z info: Request: PUT /api/ratings/672c775feabd4713c44b11a0
2024-11-28T10:41:00.737Z info: Request: PUT /api/ratings/672c775feabd4713c44b11a0
2024-11-28T10:41:02.199Z info: Request: PUT /api/ratings/672c775feabd4713c44b11a0
2024-11-28T10:41:03.510Z info: Request: PUT /api/ratings/672c775feabd4713c44b11a0
2024-11-28T10:41:03.979Z info: Request: PUT /api/ratings/672c775feabd4713c44b11a0
2024-11-28T10:41:05.676Z info: Request: PUT /api/ratings/672c775feabd4713c44b11a0
2024-11-28T10:41:06.247Z info: Request: PUT /api/ratings/672c775feabd4713c44b11a0
2024-11-28T10:41:06.638Z info: Request: PUT /api/ratings/672c775feabd4713c44b11a0
2024-11-28T10:41:08.034Z info: Request: PUT /api/ratings/672c775feabd4713c44b11a0
2024-11-28T10:41:08.212Z info: Request: PUT /api/ratings/672c775feabd4713c44b11a0
2024-11-28T10:41:08.376Z info: Request: PUT /api/ratings/672c775feabd4713c44b11a0
2024-11-28T10:41:32.280Z info: Request: GET /
2024-11-28T10:42:06.402Z info: Request: GET /categoria/electronics
2024-11-28T10:42:06.459Z info: Request: GET /api/ratings/672c775feabd4713c44b11a7
2024-11-28T10:42:06.467Z info: Request: GET /api/ratings/672c775feabd4713c44b11a8
2024-11-28T10:42:06.482Z info: Request: GET /api/ratings/672c775feabd4713c44b11a9
2024-11-28T10:42:06.486Z info: Request: GET /api/ratings/672c775feabd4713c44b11ac
2024-11-28T10:42:06.487Z info: Request: GET /api/ratings/672c775feabd4713c44b11aa
2024-11-28T10:42:06.492Z info: Request: GET /api/ratings/672c775feabd4713c44b11ab
2024-11-28T10:42:08.590Z info: Request: GET /producto/672c775feabd4713c44b11a8
2024-11-28T10:42:08.633Z info: Request: GET /api/ratings/672c775feabd4713c44b11a8
2024-11-28T10:42:09.971Z info: Request: PUT /api/ratings/672c775feabd4713c44b11a8
2024-11-28T10:42:11.152Z info: Request: PUT /api/ratings/672c775feabd4713c44b11a8
2024-11-28T10:42:11.576Z info: Request: PUT /api/ratings/672c775feabd4713c44b11a8
2024-11-28T10:42:13.170Z info: Request: PUT /api/ratings/672c775feabd4713c44b11a8
2024-11-28T10:42:13.613Z info: Request: PUT /api/ratings/672c775feabd4713c44b11a8
2024-11-28T10:42:14.017Z info: Request: PUT /api/ratings/672c775feabd4713c44b11a8
2024-11-28T10:42:14.390Z info: Request: PUT /api/ratings/672c775feabd4713c44b11a8
2024-11-28T10:42:16.200Z info: Request: PUT /api/ratings/672c775feabd4713c44b11a8
2024-11-28T10:42:17.101Z info: Request: PUT /api/ratings/672c775feabd4713c44b11a8
2024-11-28T10:42:17.604Z info: Request: PUT /api/ratings/672c775feabd4713c44b11a8
2024-11-28T10:42:17.940Z info: Request: PUT /api/ratings/672c775feabd4713c44b11a8
2024-11-28T10:42:18.120Z info: Request: PUT /api/ratings/672c775feabd4713c44b11a8
2024-11-28T10:42:20.034Z info: Request: PUT /api/ratings/672c775feabd4713c44b11a8
2024-11-28T10:42:21.078Z info: Request: PUT /api/ratings/672c775feabd4713c44b11a8
2024-11-28T10:42:21.505Z info: Request: PUT /api/ratings/672c775feabd4713c44b11a8
2024-11-28T10:42:21.880Z info: Request: PUT /api/ratings/672c775feabd4713c44b11a8
2024-11-28T10:42:30.055Z info: Request: GET /categoria/men's%20clothing
2024-11-28T10:42:30.097Z info: Request: GET /api/ratings/672c775feabd4713c44b119f
2024-11-28T10:42:30.105Z info: Request: GET /api/ratings/672c775feabd4713c44b11a0
2024-11-28T10:42:30.113Z info: Request: GET /api/ratings/672c775feabd4713c44b11a1
2024-11-28T10:42:30.116Z info: Request: GET /api/ratings/672c775feabd4713c44b11a2
2024-11-28T10:42:30.742Z info: Request: GET /producto/672c775feabd4713c44b119f
2024-11-28T10:42:30.783Z info: Request: GET /api/ratings/672c775feabd4713c44b119f
2024-11-28T10:42:32.038Z info: Request: PUT /api/ratings/672c775feabd4713c44b119f
2024-11-28T10:42:33.246Z info: Request: PUT /api/ratings/672c775feabd4713c44b119f
2024-11-28T10:42:33.884Z info: Request: PUT /api/ratings/672c775feabd4713c44b119f
2024-11-28T10:42:34.267Z info: Request: PUT /api/ratings/672c775feabd4713c44b119f
2024-11-28T10:42:36.749Z info: Request: PUT /api/ratings/672c775feabd4713c44b119f
2024-11-28T10:42:36.928Z info: Request: PUT /api/ratings/672c775feabd4713c44b119f
2024-11-28T10:42:37.425Z info: Request: PUT /api/ratings/672c775feabd4713c44b119f
2024-11-28T10:42:37.774Z info: Request: PUT /api/ratings/672c775feabd4713c44b119f
2024-11-28T10:42:37.926Z info: Request: PUT /api/ratings/672c775feabd4713c44b119f
2024-11-28T10:42:38.064Z info: Request: PUT /api/ratings/672c775feabd4713c44b119f
2024-11-28T10:42:38.201Z info: Request: PUT /api/ratings/672c775feabd4713c44b119f
2024-11-28T10:42:38.354Z info: Request: PUT /api/ratings/672c775feabd4713c44b119f
2024-11-28T10:42:38.484Z info: Request: PUT /api/ratings/672c775feabd4713c44b119f
2024-11-28T10:42:38.629Z info: Request: PUT /api/ratings/672c775feabd4713c44b119f
2024-11-28T10:42:38.786Z info: Request: PUT /api/ratings/672c775feabd4713c44b119f
2024-11-28T10:42:38.966Z info: Request: PUT /api/ratings/672c775feabd4713c44b119f
2024-11-28T10:42:40.601Z info: Request: PUT /api/ratings/672c775feabd4713c44b119f
2024-11-28T10:42:41.794Z info: Request: PUT /api/ratings/672c775feabd4713c44b119f
2024-11-28T10:42:42.376Z info: Request: PUT /api/ratings/672c775feabd4713c44b119f
2024-11-28T10:42:43.059Z info: Request: PUT /api/ratings/672c775feabd4713c44b119f
2024-11-28T10:42:43.576Z info: Request: PUT /api/ratings/672c775feabd4713c44b119f
2024-11-28T10:42:44.070Z info: Request: PUT /api/ratings/672c775feabd4713c44b119f
2024-11-28T10:42:44.520Z info: Request: PUT /api/ratings/672c775feabd4713c44b119f
2024-11-28T10:42:44.993Z info: Request: PUT /api/ratings/672c775feabd4713c44b119f
2024-11-28T10:42:45.444Z info: Request: PUT /api/ratings/672c775feabd4713c44b119f
2024-11-28T10:42:45.896Z info: Request: PUT /api/ratings/672c775feabd4713c44b119f
2024-11-28T10:42:46.380Z info: Request: PUT /api/ratings/672c775feabd4713c44b119f
2024-11-28T10:42:46.827Z info: Request: PUT /api/ratings/672c775feabd4713c44b119f
2024-11-28T10:42:47.208Z info: Request: PUT /api/ratings/672c775feabd4713c44b119f
2024-11-28T10:42:48.570Z info: Request: PUT /api/ratings/672c775feabd4713c44b119f
2024-11-28T10:45:18.915Z info: Request: GET /producto/672c775feabd4713c44b119f
2024-11-28T10:45:18.953Z info: Request: GET /api/ratings/672c775feabd4713c44b119f
2024-11-28T10:45:20.055Z info: Request: PUT /api/ratings/672c775feabd4713c44b119f
2024-11-28T10:45:20.855Z info: Request: PUT /api/ratings/672c775feabd4713c44b119f
2024-11-28T10:45:21.244Z info: Request: PUT /api/ratings/672c775feabd4713c44b119f
2024-11-28T10:45:21.786Z info: Request: POST /agregar-al-carrito
2024-11-28T10:45:21.794Z info: Request: GET /carrito
2024-11-28T10:45:23.047Z info: Request: POST /eliminar-del-carrito
2024-11-28T10:45:23.049Z info: Request: GET /
2024-11-28T10:45:24.922Z info: Request: GET /categoria/electronics
2024-11-28T10:45:25.001Z info: Request: GET /api/ratings/672c775feabd4713c44b11a8
2024-11-28T10:45:25.007Z info: Request: GET /api/ratings/672c775feabd4713c44b11a7
2024-11-28T10:45:25.008Z info: Request: GET /api/ratings/672c775feabd4713c44b11a9
2024-11-28T10:45:25.009Z info: Request: GET /api/ratings/672c775feabd4713c44b11aa
2024-11-28T10:45:25.014Z info: Request: GET /api/ratings/672c775feabd4713c44b11ab
2024-11-28T10:45:25.016Z info: Request: GET /api/ratings/672c775feabd4713c44b11ac
2024-11-28T10:45:25.618Z info: Request: GET /producto/672c775feabd4713c44b11a8
2024-11-28T10:45:25.668Z info: Request: GET /api/ratings/672c775feabd4713c44b11a8
2024-11-28T10:45:26.165Z info: Request: POST /agregar-al-carrito
2024-11-28T10:45:26.171Z info: Request: GET /carrito
2024-11-28T10:45:27.087Z info: Request: POST /eliminar-del-carrito
2024-11-28T10:45:27.091Z info: Request: GET /
2024-11-28T10:45:27.842Z info: Request: GET /categoria/electronics
2024-11-28T10:45:27.885Z info: Request: GET /api/ratings/672c775feabd4713c44b11a7
2024-11-28T10:45:27.887Z info: Request: GET /api/ratings/672c775feabd4713c44b11a8
2024-11-28T10:45:27.896Z info: Request: GET /api/ratings/672c775feabd4713c44b11a9
2024-11-28T10:45:27.900Z info: Request: GET /api/ratings/672c775feabd4713c44b11aa
2024-11-28T10:45:27.902Z info: Request: GET /api/ratings/672c775feabd4713c44b11ab
2024-11-28T10:45:27.908Z info: Request: GET /api/ratings/672c775feabd4713c44b11ac
2024-11-28T10:45:28.702Z info: Request: GET /producto/672c775feabd4713c44b11a8
2024-11-28T10:45:28.753Z info: Request: GET /api/ratings/672c775feabd4713c44b11a8
2024-11-28T10:45:29.653Z info: Request: POST /agregar-al-carrito
2024-11-28T10:45:29.659Z info: Request: GET /carrito
2024-11-28T10:45:31.221Z info: Request: POST /eliminar-del-carrito
2024-11-28T10:45:31.223Z info: Request: GET /
2024-11-28T10:45:35.597Z info: Request: GET /categoria/men's%20clothing
2024-11-28T10:45:35.660Z info: Request: GET /api/ratings/672c775feabd4713c44b119f
2024-11-28T10:45:35.667Z info: Request: GET /api/ratings/672c775feabd4713c44b11a0
2024-11-28T10:45:35.669Z info: Request: GET /api/ratings/672c775feabd4713c44b11a1
2024-11-28T10:45:35.674Z info: Request: GET /api/ratings/672c775feabd4713c44b11a2
2024-11-28T10:45:36.777Z info: Request: GET /producto/672c775feabd4713c44b11a0
2024-11-28T10:45:36.828Z info: Request: GET /api/ratings/672c775feabd4713c44b11a0
2024-11-28T10:45:38.297Z info: Request: PUT /api/ratings/672c775feabd4713c44b11a0
2024-11-28T10:45:38.850Z info: Request: PUT /api/ratings/672c775feabd4713c44b11a0
2024-11-28T10:45:39.212Z info: Request: PUT /api/ratings/672c775feabd4713c44b11a0
2024-11-28T10:45:40.586Z info: Request: PUT /api/ratings/672c775feabd4713c44b11a0
2024-11-28T10:45:43.128Z info: Request: PUT /api/ratings/672c775feabd4713c44b11a0
2024-11-28T10:45:43.599Z info: Request: PUT /api/ratings/672c775feabd4713c44b11a0
2024-11-28T10:45:44.001Z info: Request: PUT /api/ratings/672c775feabd4713c44b11a0
2024-11-28T10:45:44.443Z info: Request: PUT /api/ratings/672c775feabd4713c44b11a0
2024-11-28T10:45:44.872Z info: Request: PUT /api/ratings/672c775feabd4713c44b11a0
2024-11-28T10:45:45.314Z info: Request: PUT /api/ratings/672c775feabd4713c44b11a0
2024-11-28T10:45:45.762Z info: Request: PUT /api/ratings/672c775feabd4713c44b11a0
2024-11-28T10:45:46.250Z info: Request: PUT /api/ratings/672c775feabd4713c44b11a0
2024-11-28T10:45:46.680Z info: Request: PUT /api/ratings/672c775feabd4713c44b11a0
2024-11-28T10:45:47.107Z info: Request: PUT /api/ratings/672c775feabd4713c44b11a0
2024-11-28T10:45:48.471Z info: Request: PUT /api/ratings/672c775feabd4713c44b11a0
2024-11-28T10:45:48.992Z info: Request: PUT /api/ratings/672c775feabd4713c44b11a0
2024-11-28T10:45:49.458Z info: Request: PUT /api/ratings/672c775feabd4713c44b11a0
2024-11-28T10:45:49.890Z info: Request: PUT /api/ratings/672c775feabd4713c44b11a0
2024-11-28T10:45:50.311Z info: Request: PUT /api/ratings/672c775feabd4713c44b11a0
2024-11-28T10:45:50.752Z info: Request: PUT /api/ratings/672c775feabd4713c44b11a0
2024-11-28T10:45:51.186Z info: Request: PUT /api/ratings/672c775feabd4713c44b11a0
2024-11-28T10:45:51.624Z info: Request: PUT /api/ratings/672c775feabd4713c44b11a0
2024-11-28T10:45:52.041Z info: Request: PUT /api/ratings/672c775feabd4713c44b11a0
2024-11-28T10:45:52.469Z info: Request: PUT /api/ratings/672c775feabd4713c44b11a0
2024-11-28T10:45:52.855Z info: Request: PUT /api/ratings/672c775feabd4713c44b11a0
2024-11-28T10:45:55.038Z info: Request: PUT /api/ratings/672c775feabd4713c44b11a0
2024-11-28T10:45:55.525Z info: Request: PUT /api/ratings/672c775feabd4713c44b11a0
2024-11-28T10:45:55.760Z info: Request: PUT /api/ratings/672c775feabd4713c44b11a0
2024-11-28T10:45:57.654Z info: Request: GET /
2024-11-28T10:46:28.880Z info: Request: GET /categoria/men's%20clothing
2024-11-28T10:46:28.935Z info: Request: GET /api/ratings/672c775feabd4713c44b11a0
2024-11-28T10:46:28.940Z info: Request: GET /api/ratings/672c775feabd4713c44b119f
2024-11-28T10:46:28.942Z info: Request: GET /api/ratings/672c775feabd4713c44b11a1
2024-11-28T10:46:28.943Z info: Request: GET /api/ratings/672c775feabd4713c44b11a2
2024-11-28T10:46:29.413Z info: Request: GET /producto/672c775feabd4713c44b119f
2024-11-28T10:46:29.455Z info: Request: GET /api/ratings/672c775feabd4713c44b119f
2024-11-28T10:46:30.694Z info: Request: PUT /api/ratings/672c775feabd4713c44b119f
2024-11-28T10:46:32.272Z info: Request: PUT /api/ratings/672c775feabd4713c44b119f
2024-11-28T10:47:06.240Z info: Request: GET /producto/672c775feabd4713c44b119f
2024-11-28T10:47:06.270Z info: Request: GET /api/ratings/672c775feabd4713c44b119f
2024-11-28T10:48:22.706Z info: Request: GET /
2024-11-28T10:48:23.480Z info: Request: GET /categoria/women's%20clothing
2024-11-28T10:48:23.552Z info: Request: GET /api/ratings/672c775feabd4713c44b11ae
2024-11-28T10:48:23.555Z info: Request: GET /api/ratings/672c775feabd4713c44b11ad
2024-11-28T10:48:23.556Z info: Request: GET /api/ratings/672c775feabd4713c44b11af
2024-11-28T10:48:23.559Z info: Request: GET /api/ratings/672c775feabd4713c44b11b0
2024-11-28T10:48:23.562Z info: Request: GET /api/ratings/672c775feabd4713c44b11b1
2024-11-28T10:48:23.564Z info: Request: GET /api/ratings/672c775feabd4713c44b11b2
2024-11-28T10:48:24.104Z info: Request: GET /producto/672c775feabd4713c44b11af
2024-11-28T10:48:24.150Z info: Request: GET /api/ratings/672c775feabd4713c44b11af
2024-11-28T10:48:25.174Z info: Request: PUT /api/ratings/672c775feabd4713c44b11af
2024-11-28T10:48:25.743Z info: Request: POST /agregar-al-carrito
2024-11-28T10:48:25.749Z info: Request: GET /carrito
2024-11-28T10:48:26.860Z info: Request: POST /eliminar-del-carrito
2024-11-28T10:48:26.862Z info: Request: GET /
2024-11-28T10:48:50.498Z info: Request: GET /
2024-11-28T10:48:51.158Z info: Request: GET /categoria/men's%20clothing
2024-11-28T10:48:59.202Z info: Request: GET /
2024-11-28T10:49:00.550Z info: Request: GET /categoria/men's%20clothing
2024-11-28T10:49:32.563Z info: Request: GET /categoria/men's%20clothing
2024-11-28T10:49:32.661Z info: Request: GET /api/ratings/67484ab34b03c0208dd88fad
2024-11-28T10:49:32.663Z info: Request: GET /api/ratings/67484ab34b03c0208dd88fae
2024-11-28T10:49:32.667Z info: Request: GET /api/ratings/67484ab34b03c0208dd88faf
2024-11-28T10:49:32.677Z info: Request: GET /api/ratings/67484ab34b03c0208dd88fb0
2024-11-28T10:49:45.164Z info: Request: GET /producto/67484ab34b03c0208dd88fad
2024-11-28T10:49:45.242Z info: Request: GET /api/ratings/67484ab34b03c0208dd88fad
2024-11-28T10:49:47.000Z info: Request: PUT /api/ratings/67484ab34b03c0208dd88fad
2024-11-28T10:49:48.102Z info: Request: PUT /api/ratings/67484ab34b03c0208dd88fad
2024-11-28T10:49:48.288Z info: Request: PUT /api/ratings/67484ab34b03c0208dd88fad
2024-11-28T10:49:48.457Z info: Request: PUT /api/ratings/67484ab34b03c0208dd88fad
2024-11-28T10:49:50.006Z info: Request: PUT /api/ratings/67484ab34b03c0208dd88fad
2024-11-28T10:49:50.173Z info: Request: PUT /api/ratings/67484ab34b03c0208dd88fad
2024-11-28T10:49:50.332Z info: Request: PUT /api/ratings/67484ab34b03c0208dd88fad
2024-11-28T10:49:50.530Z info: Request: PUT /api/ratings/67484ab34b03c0208dd88fad
2024-11-28T10:49:50.707Z info: Request: PUT /api/ratings/67484ab34b03c0208dd88fad
2024-11-28T10:49:50.880Z info: Request: PUT /api/ratings/67484ab34b03c0208dd88fad
2024-11-28T10:49:51.052Z info: Request: PUT /api/ratings/67484ab34b03c0208dd88fad
2024-11-28T10:49:53.144Z info: Request: PUT /api/ratings/67484ab34b03c0208dd88fad
2024-11-28T10:54:37.458Z info: Request: GET /
2024-11-28T10:54:38.378Z info: Request: GET /categoria/women's%20clothing
2024-11-28T10:54:38.453Z info: Request: GET /api/ratings/67484ab34b03c0208dd88fbb
2024-11-28T10:54:38.456Z info: Request: GET /api/ratings/67484ab34b03c0208dd88fbc
2024-11-28T10:54:38.464Z info: Request: GET /api/ratings/67484ab34b03c0208dd88fbd
2024-11-28T10:54:38.465Z info: Request: GET /api/ratings/67484ab34b03c0208dd88fbe
2024-11-28T10:54:38.468Z info: Request: GET /api/ratings/67484ab34b03c0208dd88fbf
2024-11-28T10:54:38.471Z info: Request: GET /api/ratings/67484ab34b03c0208dd88fc0
2024-11-28T10:54:38.478Z info: Request: GET /favicon.ico
2024-11-28T10:54:38.998Z info: Request: GET /producto/67484ab34b03c0208dd88fbc
2024-11-28T10:54:39.051Z info: Request: GET /api/ratings/67484ab34b03c0208dd88fbc
2024-11-28T10:54:40.135Z info: Request: PUT /api/ratings/67484ab34b03c0208dd88fbc
2024-11-28T10:54:41.632Z info: Request: GET /
2024-11-28T10:55:18.205Z info: Request: GET /categoria/men's%20clothing
2024-11-28T10:55:18.277Z info: Request: GET /api/ratings/67484ab34b03c0208dd88fad
2024-11-28T10:55:18.290Z info: Request: GET /api/ratings/67484ab34b03c0208dd88fae
2024-11-28T10:55:18.291Z info: Request: GET /api/ratings/67484ab34b03c0208dd88faf
2024-11-28T10:55:18.293Z info: Request: GET /api/ratings/67484ab34b03c0208dd88fb0
2024-11-28T10:55:18.767Z info: Request: GET /producto/67484ab34b03c0208dd88fad
2024-11-28T10:55:18.808Z info: Request: GET /api/ratings/67484ab34b03c0208dd88fad
2024-11-28T10:55:19.921Z info: Request: PUT /api/ratings/67484ab34b03c0208dd88fad
2024-11-28T10:55:20.824Z info: Request: PUT /api/ratings/67484ab34b03c0208dd88fad
2024-11-28T10:55:21.767Z info: Request: PUT /api/ratings/67484ab34b03c0208dd88fad
2024-11-28T10:55:22.284Z info: Request: PUT /api/ratings/67484ab34b03c0208dd88fad
2024-11-28T10:55:22.691Z info: Request: PUT /api/ratings/67484ab34b03c0208dd88fad
2024-11-28T10:55:23.074Z info: Request: PUT /api/ratings/67484ab34b03c0208dd88fad
2024-11-28T10:55:24.474Z info: Request: PUT /api/ratings/67484ab34b03c0208dd88fad
2024-11-28T10:55:25.478Z info: Request: PUT /api/ratings/67484ab34b03c0208dd88fad
2024-11-28T10:55:25.987Z info: Request: PUT /api/ratings/67484ab34b03c0208dd88fad
2024-11-28T10:55:26.573Z info: Request: PUT /api/ratings/67484ab34b03c0208dd88fad
2024-11-28T10:55:27.033Z info: Request: PUT /api/ratings/67484ab34b03c0208dd88fad
2024-11-28T10:55:27.550Z info: Request: PUT /api/ratings/67484ab34b03c0208dd88fad
2024-11-28T10:55:28.085Z info: Request: PUT /api/ratings/67484ab34b03c0208dd88fad
2024-11-28T10:55:28.634Z info: Request: PUT /api/ratings/67484ab34b03c0208dd88fad
2024-11-28T10:55:28.814Z info: Request: PUT /api/ratings/67484ab34b03c0208dd88fad
2024-11-28T10:55:29.124Z info: Request: PUT /api/ratings/67484ab34b03c0208dd88fad
2024-11-28T10:55:29.288Z info: Request: PUT /api/ratings/67484ab34b03c0208dd88fad
2024-11-28T10:55:29.433Z info: Request: PUT /api/ratings/67484ab34b03c0208dd88fad
2024-11-28T10:55:29.562Z info: Request: PUT /api/ratings/67484ab34b03c0208dd88fad
2024-11-28T10:55:31.394Z info: Request: PUT /api/ratings/67484ab34b03c0208dd88fad
2024-11-28T10:55:31.890Z info: Request: PUT /api/ratings/67484ab34b03c0208dd88fad
2024-11-28T10:55:32.359Z info: Request: PUT /api/ratings/67484ab34b03c0208dd88fad
2024-11-28T10:55:32.791Z info: Request: PUT /api/ratings/67484ab34b03c0208dd88fad
2024-11-28T10:55:33.295Z info: Request: PUT /api/ratings/67484ab34b03c0208dd88fad
2024-11-28T10:55:33.803Z info: Request: PUT /api/ratings/67484ab34b03c0208dd88fad
2024-11-28T10:55:34.285Z info: Request: PUT /api/ratings/67484ab34b03c0208dd88fad
2024-11-28T10:55:34.780Z info: Request: PUT /api/ratings/67484ab34b03c0208dd88fad
2024-11-28T10:55:35.744Z info: Request: PUT /api/ratings/67484ab34b03c0208dd88fad
2024-11-28T10:55:36.143Z info: Request: PUT /api/ratings/67484ab34b03c0208dd88fad
2024-11-28T10:55:36.619Z info: Request: PUT /api/ratings/67484ab34b03c0208dd88fad
2024-11-28T10:55:37.010Z info: Request: PUT /api/ratings/67484ab34b03c0208dd88fad
2024-11-28T10:55:37.464Z info: Request: PUT /api/ratings/67484ab34b03c0208dd88fad
2024-11-28T10:55:37.940Z info: Request: PUT /api/ratings/67484ab34b03c0208dd88fad
2024-11-28T10:55:38.235Z info: Request: PUT /api/ratings/67484ab34b03c0208dd88fad
2024-11-28T10:55:40.609Z info: Request: PUT /api/ratings/67484ab34b03c0208dd88fad
2024-11-28T10:55:41.229Z info: Request: PUT /api/ratings/67484ab34b03c0208dd88fad
2024-11-28T10:55:41.696Z info: Request: PUT /api/ratings/67484ab34b03c0208dd88fad
2024-11-28T10:55:45.115Z info: Request: PUT /api/ratings/67484ab34b03c0208dd88fad
2024-11-28T10:55:45.520Z info: Request: PUT /api/ratings/67484ab34b03c0208dd88fad
2024-11-28T10:55:46.728Z info: Request: PUT /api/ratings/67484ab34b03c0208dd88fad
2024-11-28T10:55:47.199Z info: Request: PUT /api/ratings/67484ab34b03c0208dd88fad
2024-11-28T10:55:47.633Z info: Request: PUT /api/ratings/67484ab34b03c0208dd88fad
2024-11-28T10:55:48.055Z info: Request: PUT /api/ratings/67484ab34b03c0208dd88fad
2024-11-28T10:55:48.504Z info: Request: PUT /api/ratings/67484ab34b03c0208dd88fad
2024-11-28T10:55:48.978Z info: Request: PUT /api/ratings/67484ab34b03c0208dd88fad
2024-11-28T10:55:49.360Z info: Request: PUT /api/ratings/67484ab34b03c0208dd88fad
2024-11-28T10:55:51.505Z info: Request: PUT /api/ratings/67484ab34b03c0208dd88fad
2024-11-28T10:55:51.694Z info: Request: PUT /api/ratings/67484ab34b03c0208dd88fad
2024-11-28T10:55:51.906Z info: Request: PUT /api/ratings/67484ab34b03c0208dd88fad
2024-11-28T10:55:52.157Z info: Request: PUT /api/ratings/67484ab34b03c0208dd88fad
2024-11-28T10:55:52.291Z info: Request: PUT /api/ratings/67484ab34b03c0208dd88fad
2024-11-28T10:55:53.922Z info: Request: PUT /api/ratings/67484ab34b03c0208dd88fad
2024-11-28T10:55:54.095Z info: Request: PUT /api/ratings/67484ab34b03c0208dd88fad
2024-11-28T10:55:54.274Z info: Request: PUT /api/ratings/67484ab34b03c0208dd88fad
2024-11-28T10:55:54.447Z info: Request: PUT /api/ratings/67484ab34b03c0208dd88fad
2024-11-28T10:55:54.606Z info: Request: PUT /api/ratings/67484ab34b03c0208dd88fad
2024-11-28T10:55:56.911Z info: Request: PUT /api/ratings/67484ab34b03c0208dd88fad
2024-11-28T10:55:57.055Z info: Request: PUT /api/ratings/67484ab34b03c0208dd88fad
2024-11-28T10:55:57.206Z info: Request: PUT /api/ratings/67484ab34b03c0208dd88fad
2024-11-28T10:55:57.351Z info: Request: PUT /api/ratings/67484ab34b03c0208dd88fad
2024-11-28T10:55:57.488Z info: Request: PUT /api/ratings/67484ab34b03c0208dd88fad
2024-11-28T10:55:57.639Z info: Request: PUT /api/ratings/67484ab34b03c0208dd88fad
2024-11-28T10:55:57.798Z info: Request: PUT /api/ratings/67484ab34b03c0208dd88fad
2024-11-28T10:55:59.725Z info: Request: PUT /api/ratings/67484ab34b03c0208dd88fad
2024-11-28T10:55:59.870Z info: Request: PUT /api/ratings/67484ab34b03c0208dd88fad
2024-11-28T10:56:00.021Z info: Request: PUT /api/ratings/67484ab34b03c0208dd88fad
2024-11-28T10:56:00.166Z info: Request: PUT /api/ratings/67484ab34b03c0208dd88fad
2024-11-28T10:56:00.311Z info: Request: PUT /api/ratings/67484ab34b03c0208dd88fad
2024-11-28T10:56:00.461Z info: Request: PUT /api/ratings/67484ab34b03c0208dd88fad
2024-11-28T10:56:00.613Z info: Request: PUT /api/ratings/67484ab34b03c0208dd88fad
2024-11-28T10:56:00.764Z info: Request: PUT /api/ratings/67484ab34b03c0208dd88fad
2024-11-28T10:56:00.916Z info: Request: PUT /api/ratings/67484ab34b03c0208dd88fad
2024-11-28T10:56:01.061Z info: Request: PUT /api/ratings/67484ab34b03c0208dd88fad
2024-11-28T10:56:01.219Z info: Request: PUT /api/ratings/67484ab34b03c0208dd88fad
2024-11-28T10:56:01.384Z info: Request: PUT /api/ratings/67484ab34b03c0208dd88fad
2024-11-28T10:56:01.565Z info: Request: PUT /api/ratings/67484ab34b03c0208dd88fad
2024-11-28T10:56:04.021Z info: Request: PUT /api/ratings/67484ab34b03c0208dd88fad
2024-11-28T10:56:04.558Z info: Request: PUT /api/ratings/67484ab34b03c0208dd88fad
2024-11-28T10:56:05.033Z info: Request: PUT /api/ratings/67484ab34b03c0208dd88fad
2024-11-28T10:56:05.543Z info: Request: PUT /api/ratings/67484ab34b03c0208dd88fad
2024-11-28T10:56:05.999Z info: Request: PUT /api/ratings/67484ab34b03c0208dd88fad
2024-11-28T10:56:06.430Z info: Request: PUT /api/ratings/67484ab34b03c0208dd88fad
2024-11-28T10:56:06.611Z info: Request: PUT /api/ratings/67484ab34b03c0208dd88fad
2024-11-28T10:56:11.826Z info: Request: PUT /api/ratings/67484ab34b03c0208dd88fad
2024-11-28T10:56:13.939Z info: Request: PUT /api/ratings/67484ab34b03c0208dd88fad
2024-11-28T10:56:18.994Z info: Request: PUT /api/ratings/67484ab34b03c0208dd88fad
2024-11-28T10:56:19.523Z info: Request: PUT /api/ratings/67484ab34b03c0208dd88fad
2024-11-28T10:56:19.962Z info: Request: PUT /api/ratings/67484ab34b03c0208dd88fad
2024-11-28T10:56:20.389Z info: Request: PUT /api/ratings/67484ab34b03c0208dd88fad
2024-11-28T10:56:20.790Z info: Request: PUT /api/ratings/67484ab34b03c0208dd88fad
2024-11-28T10:56:22.402Z info: Request: PUT /api/ratings/67484ab34b03c0208dd88fad
2024-11-28T10:56:23.776Z info: Request: PUT /api/ratings/67484ab34b03c0208dd88fad
2024-11-28T10:56:24.577Z info: Request: PUT /api/ratings/67484ab34b03c0208dd88fad
2024-11-28T10:56:24.826Z info: Request: PUT /api/ratings/67484ab34b03c0208dd88fad
